TN:
SF:modules/chain/optimizer.js
FN:6,(anonymous_0)
FN:20,(anonymous_1)
FN:40,(anonymous_2)
FN:42,(anonymous_3)
FN:66,(anonymous_4)
FN:70,(anonymous_5)
FN:81,(anonymous_6)
FN:96,(anonymous_7)
FN:126,(anonymous_8)
FN:136,(anonymous_9)
FN:141,(anonymous_10)
FN:164,(anonymous_11)
FN:167,(anonymous_12)
FN:176,(anonymous_13)
FN:177,(anonymous_14)
FN:188,(anonymous_15)
FN:194,(anonymous_16)
FN:195,(anonymous_17)
FN:198,(anonymous_18)
FN:208,(anonymous_19)
FN:237,(anonymous_20)
FN:241,(anonymous_21)
FN:248,(anonymous_22)
FN:250,(anonymous_23)
FN:253,(anonymous_24)
FN:254,(anonymous_25)
FN:259,(anonymous_26)
FN:267,(anonymous_27)
FN:272,(anonymous_28)
FN:292,(anonymous_29)
FN:306,(anonymous_30)
FN:307,(anonymous_31)
FN:315,(anonymous_32)
FN:333,(anonymous_33)
FN:334,(anonymous_34)
FN:343,(anonymous_35)
FN:346,(anonymous_36)
FN:352,(anonymous_37)
FN:357,(anonymous_38)
FN:358,(anonymous_39)
FN:359,(anonymous_40)
FN:366,(anonymous_41)
FNF:42
FNH:1
FNDA:7,(anonymous_0)
FNDA:0,(anonymous_1)
FNDA:0,(anonymous_2)
FNDA:0,(anonymous_3)
FNDA:0,(anonymous_4)
FNDA:0,(anonymous_5)
FNDA:0,(anonymous_6)
FNDA:0,(anonymous_7)
FNDA:0,(anonymous_8)
FNDA:0,(anonymous_9)
FNDA:0,(anonymous_10)
FNDA:0,(anonymous_11)
FNDA:0,(anonymous_12)
FNDA:0,(anonymous_13)
FNDA:0,(anonymous_14)
FNDA:0,(anonymous_15)
FNDA:0,(anonymous_16)
FNDA:0,(anonymous_17)
FNDA:0,(anonymous_18)
FNDA:0,(anonymous_19)
FNDA:0,(anonymous_20)
FNDA:0,(anonymous_21)
FNDA:0,(anonymous_22)
FNDA:0,(anonymous_23)
FNDA:0,(anonymous_24)
FNDA:0,(anonymous_25)
FNDA:0,(anonymous_26)
FNDA:0,(anonymous_27)
FNDA:0,(anonymous_28)
FNDA:0,(anonymous_29)
FNDA:0,(anonymous_30)
FNDA:0,(anonymous_31)
FNDA:0,(anonymous_32)
FNDA:0,(anonymous_33)
FNDA:0,(anonymous_34)
FNDA:0,(anonymous_35)
FNDA:0,(anonymous_36)
FNDA:0,(anonymous_37)
FNDA:0,(anonymous_38)
FNDA:0,(anonymous_39)
FNDA:0,(anonymous_40)
FNDA:0,(anonymous_41)
DA:1,1
DA:2,1
DA:3,1
DA:7,7
DA:8,7
DA:9,7
DA:10,0
DA:13,0
DA:21,0
DA:22,0
DA:24,0
DA:26,0
DA:27,0
DA:28,0
DA:30,0
DA:31,0
DA:35,0
DA:36,0
DA:37,0
DA:42,0
DA:43,0
DA:44,0
DA:45,0
DA:50,0
DA:51,0
DA:52,0
DA:53,0
DA:54,0
DA:61,0
DA:63,0
DA:67,0
DA:68,0
DA:70,0
DA:71,0
DA:72,0
DA:74,0
DA:75,0
DA:78,0
DA:79,0
DA:81,0
DA:82,0
DA:83,0
DA:84,0
DA:88,0
DA:91,0
DA:92,0
DA:98,0
DA:99,0
DA:100,0
DA:112,0
DA:113,0
DA:118,0
DA:123,0
DA:127,0
DA:129,0
DA:132,0
DA:135,0
DA:136,0
DA:140,0
DA:141,0
DA:148,0
DA:151,0
DA:154,0
DA:156,0
DA:158,0
DA:160,0
DA:165,0
DA:167,0
DA:168,0
DA:176,0
DA:177,0
DA:178,0
DA:179,0
DA:180,0
DA:185,0
DA:189,0
DA:190,0
DA:193,0
DA:194,0
DA:195,0
DA:198,0
DA:199,0
DA:200,0
DA:201,0
DA:205,0
DA:209,0
DA:210,0
DA:212,0
DA:213,0
DA:214,0
DA:217,0
DA:218,0
DA:220,0
DA:221,0
DA:222,0
DA:224,0
DA:230,0
DA:231,0
DA:234,0
DA:238,0
DA:241,0
DA:242,0
DA:245,0
DA:249,0
DA:250,0
DA:254,0
DA:261,0
DA:267,0
DA:268,0
DA:273,0
DA:280,0
DA:281,0
DA:282,0
DA:283,0
DA:284,0
DA:288,0
DA:289,0
DA:293,0
DA:299,0
DA:307,0
DA:308,0
DA:309,0
DA:311,0
DA:316,0
DA:319,0
DA:320,0
DA:321,0
DA:322,0
DA:323,0
DA:326,0
DA:330,0
DA:334,0
DA:339,0
DA:340,0
DA:341,0
DA:342,0
DA:343,0
DA:349,0
DA:354,0
DA:358,0
DA:359,0
DA:360,0
DA:362,0
DA:368,0
DA:372,1
LF:145
LH:7
BRDA:24,0,0,0
BRDA:24,0,1,0
BRDA:44,1,0,0
BRDA:44,1,1,0
BRDA:51,2,0,0
BRDA:51,2,1,0
BRDA:53,3,0,0
BRDA:53,3,1,0
BRDA:71,4,0,0
BRDA:71,4,1,0
BRDA:74,5,0,0
BRDA:74,5,1,0
BRDA:82,6,0,0
BRDA:82,6,1,0
BRDA:82,7,0,0
BRDA:82,7,1,0
BRDA:98,8,0,0
BRDA:98,8,1,0
BRDA:170,9,0,0
BRDA:170,9,1,0
BRDA:177,10,0,0
BRDA:177,10,1,0
BRDA:179,11,0,0
BRDA:179,11,1,0
BRDA:200,12,0,0
BRDA:200,12,1,0
BRDA:217,13,0,0
BRDA:217,13,1,0
BRDA:220,14,0,0
BRDA:220,14,1,0
BRDA:230,15,0,0
BRDA:230,15,1,0
BRDA:238,16,0,0
BRDA:238,16,1,0
BRDA:268,17,0,0
BRDA:268,17,1,0
BRDA:268,18,0,0
BRDA:268,18,1,0
BRDA:282,19,0,0
BRDA:282,19,1,0
BRDA:283,20,0,0
BRDA:283,20,1,0
BRDA:284,21,0,0
BRDA:284,21,1,0
BRDA:308,22,0,0
BRDA:308,22,1,0
BRDA:308,23,0,0
BRDA:308,23,1,0
BRDA:322,24,0,0
BRDA:322,24,1,0
BRDA:336,25,0,0
BRDA:336,25,1,0
BRDA:360,26,0,0
BRDA:360,26,1,0
BRF:54
BRH:0
end_of_record
TN:
SF:modules/chain/utils/chainUtil.js
FN:2,(anonymous_0)
FN:3,(anonymous_1)
FN:11,(anonymous_2)
FN:12,(anonymous_3)
FN:26,(anonymous_4)
FN:45,(anonymous_5)
FN:51,(anonymous_6)
FN:60,(anonymous_7)
FN:67,(anonymous_8)
FN:70,(anonymous_9)
FN:79,(anonymous_10)
FN:80,(anonymous_11)
FNF:12
FNH:12
FNDA:5,(anonymous_0)
FNDA:6,(anonymous_1)
FNDA:5,(anonymous_2)
FNDA:160,(anonymous_3)
FNDA:10,(anonymous_4)
FNDA:15,(anonymous_5)
FNDA:6,(anonymous_6)
FNDA:3,(anonymous_7)
FNDA:4,(anonymous_8)
FNDA:8,(anonymous_9)
FNDA:2,(anonymous_10)
FNDA:2,(anonymous_11)
DA:3,6
DA:9,5
DA:10,5
DA:11,5
DA:12,160
DA:17,0
DA:18,0
DA:19,0
DA:20,0
DA:21,0
DA:23,0
DA:28,10
DA:30,10
DA:31,10
DA:32,0
DA:33,0
DA:37,10
DA:38,9
DA:39,1
DA:42,8
DA:44,7
DA:45,15
DA:50,7
DA:51,6
DA:52,7
DA:55,7
DA:56,7
DA:57,7
DA:62,3
DA:67,3
DA:68,4
DA:70,3
DA:71,8
DA:72,3
DA:74,5
DA:79,2
DA:80,1
DA:81,2
DA:86,3
LF:39
LH:31
BRDA:5,0,0,6
BRDA:5,0,1,0
BRDA:9,1,0,5
BRDA:9,1,1,0
BRDA:9,2,0,5
BRDA:9,2,1,5
BRDA:26,3,0,3
BRDA:26,4,0,3
BRDA:26,5,0,3
BRDA:31,6,0,0
BRDA:31,6,1,10
BRDA:38,7,0,1
BRDA:38,7,1,8
BRDA:42,8,0,7
BRDA:42,8,1,1
BRDA:50,9,0,7
BRDA:50,9,1,0
BRDA:50,10,0,7
BRDA:50,10,1,5
BRDA:68,11,0,3
BRDA:68,11,1,1
BRDA:71,12,0,3
BRDA:71,12,1,5
BRF:23
BRH:19
end_of_record
TN:
SF:modules/concurrency/asyncLock.js
FN:2,(anonymous_0)
FN:15,(anonymous_1)
FN:29,(anonymous_2)
FN:72,(anonymous_3)
FN:98,(anonymous_4)
FN:106,(anonymous_5)
FN:111,(anonymous_6)
FN:116,(anonymous_7)
FN:124,(anonymous_8)
FN:128,(anonymous_9)
FN:129,(anonymous_10)
FN:130,(anonymous_11)
FN:138,(anonymous_12)
FN:142,(anonymous_13)
FN:146,(anonymous_14)
FN:147,(anonymous_15)
FN:150,(anonymous_16)
FN:159,(anonymous_17)
FN:163,(anonymous_18)
FN:175,(anonymous_19)
FN:185,(anonymous_20)
FN:189,(anonymous_21)
FNF:22
FNH:16
FNDA:16,(anonymous_0)
FNDA:29,(anonymous_1)
FNDA:29,(anonymous_2)
FNDA:30,(anonymous_3)
FNDA:2,(anonymous_4)
FNDA:3,(anonymous_5)
FNDA:10,(anonymous_6)
FNDA:7,(anonymous_7)
FNDA:0,(anonymous_8)
FNDA:29,(anonymous_9)
FNDA:29,(anonymous_10)
FNDA:3,(anonymous_11)
FNDA:10,(anonymous_12)
FNDA:1,(anonymous_13)
FNDA:3,(anonymous_14)
FNDA:0,(anonymous_15)
FNDA:2,(anonymous_16)
FNDA:0,(anonymous_17)
FNDA:17,(anonymous_18)
FNDA:0,(anonymous_19)
FNDA:0,(anonymous_20)
FNDA:0,(anonymous_21)
DA:3,16
DA:4,16
DA:5,16
DA:6,16
DA:7,16
DA:16,29
DA:20,29
DA:22,29
DA:23,22
DA:26,29
DA:29,29
DA:30,29
DA:34,29
DA:35,22
DA:37,29
DA:38,29
DA:41,29
DA:47,29
DA:48,29
DA:49,13
DA:53,29
DA:56,29
DA:58,28
DA:60,1
DA:61,0
DA:63,1
DA:66,29
DA:67,29
DA:70,29
DA:71,29
DA:72,30
DA:73,25
DA:74,25
DA:78,25
DA:81,25
DA:82,7
DA:84,18
DA:86,18
DA:87,16
DA:92,29
DA:93,0
DA:99,2
DA:100,1
DA:103,1
DA:108,3
DA:111,3
DA:112,10
DA:113,3
DA:116,7
DA:117,7
DA:121,3
DA:125,0
DA:129,29
DA:130,29
DA:131,3
DA:132,3
DA:133,3
DA:139,10
DA:143,1
DA:147,3
DA:151,2
DA:152,2
DA:159,0
DA:165,17
DA:166,4
DA:167,4
DA:171,17
DA:172,17
DA:176,0
DA:177,0
DA:186,0
DA:190,0
DA:191,0
DA:193,0
DA:200,2
DA:201,2
LF:76
LH:66
BRDA:15,0,0,19
BRDA:22,1,0,22
BRDA:22,1,1,7
BRDA:34,2,0,22
BRDA:34,2,1,7
BRDA:48,3,0,13
BRDA:48,3,1,16
BRDA:60,4,0,0
BRDA:60,4,1,1
BRDA:71,5,0,25
BRDA:71,5,1,4
BRDA:71,6,0,29
BRDA:71,6,1,25
BRDA:73,7,0,25
BRDA:73,7,1,0
BRDA:78,8,0,25
BRDA:78,8,1,0
BRDA:81,9,0,7
BRDA:81,9,1,18
BRDA:86,10,0,16
BRDA:86,10,1,2
BRDA:92,11,0,0
BRDA:92,11,1,29
BRDA:98,12,0,2
BRDA:99,13,0,1
BRDA:99,13,1,1
BRDA:106,14,0,3
BRDA:112,15,0,3
BRDA:112,15,1,7
BRDA:124,16,0,0
BRDA:139,17,0,10
BRDA:139,17,1,4
BRDA:143,18,0,1
BRDA:143,18,1,0
BRDA:147,19,0,3
BRDA:147,19,1,1
BRDA:151,20,0,2
BRDA:151,20,1,0
BRDA:190,21,0,0
BRDA:190,21,1,0
BRDA:200,22,0,2
BRDA:200,22,1,0
BRDA:200,23,0,2
BRDA:200,23,1,2
BRF:44
BRH:34
end_of_record
TN:
SF:modules/concurrency/index.js
FNF:0
FNH:0
DA:6,1
DA:7,1
LF:2
LH:2
BRDA:6,0,0,1
BRDA:6,0,1,0
BRDA:6,1,0,1
BRDA:6,1,1,1
BRF:4
BRH:3
end_of_record
TN:
SF:modules/errors/thoughtError.js
FN:2,(anonymous_0)
FN:117,(anonymous_1)
FN:121,(anonymous_2)
FN:125,(anonymous_3)
FN:129,(anonymous_4)
FN:162,(anonymous_5)
FN:176,(anonymous_6)
FN:180,(anonymous_7)
FN:184,(anonymous_8)
FN:197,(anonymous_9)
FN:210,(anonymous_10)
FN:222,(anonymous_11)
FN:226,(anonymous_12)
FN:243,(anonymous_13)
FNF:14
FNH:0
FNDA:0,(anonymous_0)
FNDA:0,(anonymous_1)
FNDA:0,(anonymous_2)
FNDA:0,(anonymous_3)
FNDA:0,(anonymous_4)
FNDA:0,(anonymous_5)
FNDA:0,(anonymous_6)
FNDA:0,(anonymous_7)
FNDA:0,(anonymous_8)
FNDA:0,(anonymous_9)
FNDA:0,(anonymous_10)
FNDA:0,(anonymous_11)
FNDA:0,(anonymous_12)
FNDA:0,(anonymous_13)
DA:4,0
DA:7,0
DA:8,0
DA:12,0
DA:13,0
DA:14,0
DA:15,0
DA:16,0
DA:17,0
DA:21,1
DA:118,0
DA:122,0
DA:126,0
DA:130,0
DA:132,0
DA:134,0
DA:137,0
DA:138,0
DA:139,0
DA:140,0
DA:145,0
DA:146,0
DA:147,0
DA:148,0
DA:150,0
DA:152,0
DA:155,0
DA:159,0
DA:163,0
DA:177,0
DA:181,0
DA:185,0
DA:194,0
DA:198,0
DA:200,0
DA:204,0
DA:207,0
DA:211,0
DA:223,0
DA:227,0
DA:228,0
DA:231,0
DA:233,0
DA:235,0
DA:237,0
DA:239,0
DA:245,0
DA:246,0
DA:248,0
DA:249,0
DA:252,0
DA:253,0
DA:255,0
LF:53
LH:1
BRDA:2,0,0,0
BRDA:7,1,0,0
BRDA:7,1,1,0
BRDA:118,2,0,0
BRDA:118,2,1,0
BRDA:122,3,0,0
BRDA:122,3,1,0
BRDA:126,4,0,0
BRDA:126,4,1,0
BRDA:134,5,0,0
BRDA:134,5,1,0
BRDA:137,6,0,0
BRDA:137,6,1,0
BRDA:139,7,0,0
BRDA:139,7,1,0
BRDA:145,8,0,0
BRDA:145,8,1,0
BRDA:147,9,0,0
BRDA:147,9,1,0
BRDA:184,10,0,0
BRDA:184,11,0,0
BRDA:197,12,0,0
BRDA:197,13,0,0
BRDA:197,14,0,0
BRDA:198,15,0,0
BRDA:198,15,1,0
BRDA:226,16,0,0
BRDA:226,17,0,0
BRDA:227,18,0,0
BRDA:227,18,1,0
BRDA:228,19,0,0
BRDA:228,19,1,0
BRDA:231,20,0,0
BRDA:231,20,1,0
BRDA:231,20,2,0
BRDA:231,20,3,0
BRDA:239,21,0,0
BRDA:239,21,1,0
BRDA:243,22,0,0
BRF:39
BRH:0
end_of_record
TN:
SF:modules/memory/cache/lru.js
FN:4,(anonymous_0)
FN:21,(anonymous_1)
FN:22,(anonymous_2)
FN:34,(anonymous_3)
FN:35,(anonymous_4)
FN:67,(anonymous_5)
FN:68,(anonymous_6)
FN:79,(anonymous_7)
FN:80,(anonymous_8)
FN:88,(anonymous_9)
FN:89,(anonymous_10)
FN:102,(anonymous_11)
FN:113,(anonymous_12)
FN:118,(anonymous_13)
FN:122,(anonymous_14)
FN:126,(anonymous_15)
FN:134,(anonymous_16)
FN:142,(anonymous_17)
FN:150,(anonymous_18)
FN:151,(anonymous_19)
FN:160,(anonymous_20)
FN:165,(anonymous_21)
FN:170,(anonymous_22)
FN:178,(anonymous_23)
FN:179,(anonymous_24)
FN:205,(anonymous_25)
FN:206,(anonymous_26)
FN:212,(anonymous_27)
FN:213,(anonymous_28)
FN:224,(anonymous_29)
FN:225,(anonymous_30)
FN:236,(anonymous_31)
FN:240,(anonymous_32)
FN:241,(anonymous_33)
FNF:34
FNH:0
FNDA:0,(anonymous_0)
FNDA:0,(anonymous_1)
FNDA:0,(anonymous_2)
FNDA:0,(anonymous_3)
FNDA:0,(anonymous_4)
FNDA:0,(anonymous_5)
FNDA:0,(anonymous_6)
FNDA:0,(anonymous_7)
FNDA:0,(anonymous_8)
FNDA:0,(anonymous_9)
FNDA:0,(anonymous_10)
FNDA:0,(anonymous_11)
FNDA:0,(anonymous_12)
FNDA:0,(anonymous_13)
FNDA:0,(anonymous_14)
FNDA:0,(anonymous_15)
FNDA:0,(anonymous_16)
FNDA:0,(anonymous_17)
FNDA:0,(anonymous_18)
FNDA:0,(anonymous_19)
FNDA:0,(anonymous_20)
FNDA:0,(anonymous_21)
FNDA:0,(anonymous_22)
FNDA:0,(anonymous_23)
FNDA:0,(anonymous_24)
FNDA:0,(anonymous_25)
FNDA:0,(anonymous_26)
FNDA:0,(anonymous_27)
FNDA:0,(anonymous_28)
FNDA:0,(anonymous_29)
FNDA:0,(anonymous_30)
FNDA:0,(anonymous_31)
FNDA:0,(anonymous_32)
FNDA:0,(anonymous_33)
DA:5,0
DA:6,0
DA:8,0
DA:9,0
DA:10,0
DA:11,0
DA:12,0
DA:13,0
DA:14,0
DA:22,0
DA:23,0
DA:24,0
DA:25,0
DA:26,0
DA:27,0
DA:29,0
DA:30,0
DA:35,0
DA:36,0
DA:38,0
DA:40,0
DA:41,0
DA:42,0
DA:46,0
DA:54,0
DA:55,0
DA:58,0
DA:61,0
DA:62,0
DA:68,0
DA:69,0
DA:70,0
DA:71,0
DA:72,0
DA:73,0
DA:75,0
DA:80,0
DA:81,0
DA:82,0
DA:83,0
DA:84,0
DA:89,0
DA:90,0
DA:91,0
DA:94,0
DA:95,0
DA:96,0
DA:97,0
DA:98,0
DA:104,0
DA:107,0
DA:108,0
DA:109,0
DA:110,0
DA:114,0
DA:115,0
DA:119,0
DA:123,0
DA:127,0
DA:128,0
DA:129,0
DA:130,0
DA:135,0
DA:136,0
DA:137,0
DA:138,0
DA:143,0
DA:144,0
DA:145,0
DA:146,0
DA:151,0
DA:161,0
DA:162,0
DA:166,0
DA:167,0
DA:171,0
DA:179,0
DA:181,0
DA:182,0
DA:185,0
DA:186,0
DA:187,0
DA:188,0
DA:193,0
DA:194,0
DA:197,0
DA:206,0
DA:207,0
DA:208,0
DA:213,0
DA:214,0
DA:215,0
DA:217,0
DA:225,0
DA:226,0
DA:227,0
DA:229,0
DA:237,0
DA:241,0
DA:242,0
DA:243,0
DA:244,0
DA:245,0
DA:246,0
LF:104
LH:0
BRDA:5,0,0,0
BRDA:5,0,1,0
BRDA:5,1,0,0
BRDA:5,1,1,0
BRDA:24,2,0,0
BRDA:24,2,1,0
BRDA:38,3,0,0
BRDA:38,3,1,0
BRDA:61,4,0,0
BRDA:61,4,1,0
BRDA:70,5,0,0
BRDA:70,5,1,0
BRDA:90,6,0,0
BRDA:90,6,1,0
BRDA:162,7,0,0
BRDA:162,7,1,0
BRDA:167,8,0,0
BRDA:167,8,1,0
BRDA:185,9,0,0
BRDA:185,9,1,0
BRDA:185,10,0,0
BRDA:185,10,1,0
BRDA:193,11,0,0
BRDA:193,11,1,0
BRDA:193,12,0,0
BRDA:193,12,1,0
BRDA:208,13,0,0
BRDA:208,13,1,0
BRDA:214,14,0,0
BRDA:214,14,1,0
BRDA:226,15,0,0
BRDA:226,15,1,0
BRF:32
BRH:0
end_of_record
TN:
SF:tests/test-setup.js
FN:8,(anonymous_0)
FN:13,(anonymous_1)
FN:22,(anonymous_2)
FN:26,(anonymous_3)
FN:30,(anonymous_4)
FN:31,(anonymous_5)
FN:34,(anonymous_6)
FN:36,(anonymous_7)
FN:41,(anonymous_8)
FN:49,(anonymous_9)
FN:49,(anonymous_10)
FN:52,(anonymous_11)
FN:52,(anonymous_12)
FN:56,(anonymous_13)
FN:64,(anonymous_14)
FN:73,(anonymous_15)
FN:97,(anonymous_16)
FN:105,(anonymous_17)
FN:110,(anonymous_18)
FN:120,(anonymous_19)
FN:126,(anonymous_20)
FN:132,(anonymous_21)
FN:137,(anonymous_22)
FN:140,(anonymous_23)
FN:145,(anonymous_24)
FN:146,(anonymous_25)
FN:146,(anonymous_26)
FN:149,(anonymous_27)
FN:150,(anonymous_28)
FN:155,(anonymous_29)
FN:160,(anonymous_30)
FN:165,(anonymous_31)
FNF:32
FNH:7
FNDA:5,(anonymous_0)
FNDA:0,(anonymous_1)
FNDA:4,(anonymous_2)
FNDA:0,(anonymous_3)
FNDA:0,(anonymous_4)
FNDA:0,(anonymous_5)
FNDA:0,(anonymous_6)
FNDA:0,(anonymous_7)
FNDA:0,(anonymous_8)
FNDA:0,(anonymous_9)
FNDA:0,(anonymous_10)
FNDA:0,(anonymous_11)
FNDA:0,(anonymous_12)
FNDA:0,(anonymous_13)
FNDA:0,(anonymous_14)
FNDA:0,(anonymous_15)
FNDA:0,(anonymous_16)
FNDA:0,(anonymous_17)
FNDA:0,(anonymous_18)
FNDA:0,(anonymous_19)
FNDA:0,(anonymous_20)
FNDA:32,(anonymous_21)
FNDA:0,(anonymous_22)
FNDA:0,(anonymous_23)
FNDA:5,(anonymous_24)
FNDA:5,(anonymous_25)
FNDA:192,(anonymous_26)
FNDA:0,(anonymous_27)
FNDA:0,(anonymous_28)
FNDA:0,(anonymous_29)
FNDA:0,(anonymous_30)
FNDA:32,(anonymous_31)
DA:6,3
DA:8,5
DA:14,0
DA:15,0
DA:17,0
DA:22,4
DA:26,0
DA:30,3
DA:31,0
DA:34,0
DA:36,0
DA:41,0
DA:49,3
DA:52,3
DA:57,0
DA:58,0
DA:59,0
DA:60,0
DA:61,0
DA:65,0
DA:66,0
DA:67,0
DA:68,0
DA:70,0
DA:74,0
DA:75,0
DA:76,0
DA:77,0
DA:79,0
DA:85,0
DA:86,0
DA:87,0
DA:89,0
DA:90,0
DA:91,0
DA:92,0
DA:98,0
DA:99,0
DA:100,0
DA:101,0
DA:102,0
DA:106,0
DA:107,0
DA:111,0
DA:112,0
DA:113,0
DA:114,0
DA:115,0
DA:117,0
DA:121,0
DA:122,0
DA:123,0
DA:127,0
DA:132,3
DA:134,32
DA:137,32
DA:138,0
DA:140,0
DA:145,32
DA:146,192
DA:149,32
DA:150,0
DA:154,32
DA:155,0
DA:159,32
DA:160,0
DA:165,3
DA:166,32
DA:167,32
DA:168,32
DA:169,32
DA:170,32
LF:72
LH:20
BRDA:22,0,0,2
BRDA:66,1,0,0
BRDA:66,1,1,0
BRDA:74,2,0,0
BRDA:74,2,1,0
BRDA:89,3,0,0
BRDA:89,3,1,0
BRDA:112,4,0,0
BRDA:112,4,1,0
BRDA:159,5,0,0
BRDA:159,5,1,32
BRDA:167,6,0,32
BRDA:167,6,1,0
BRDA:168,7,0,25
BRDA:168,7,1,7
BRDA:169,8,0,32
BRDA:169,8,1,0
BRDA:170,9,0,32
BRDA:170,9,1,0
BRF:19
BRH:7
end_of_record
