TN:
SF:modules/chain/optimizer.js
FN:7,(anonymous_0)
FN:21,(anonymous_1)
FN:41,(anonymous_2)
FN:43,(anonymous_3)
FN:67,(anonymous_4)
FN:71,(anonymous_5)
FN:82,(anonymous_6)
FN:97,(anonymous_7)
FN:142,(anonymous_8)
FN:152,(anonymous_9)
FN:157,(anonymous_10)
FN:180,(anonymous_11)
FN:183,(anonymous_12)
FN:192,(anonymous_13)
FN:193,(anonymous_14)
FN:204,(anonymous_15)
FN:210,(anonymous_16)
FN:211,(anonymous_17)
FN:214,(anonymous_18)
FN:224,(anonymous_19)
FN:231,(anonymous_20)
FN:232,(anonymous_21)
FN:239,(anonymous_22)
FN:268,(anonymous_23)
FN:272,(anonymous_24)
FN:279,(anonymous_25)
FN:281,(anonymous_26)
FN:284,(anonymous_27)
FN:285,(anonymous_28)
FN:290,(anonymous_29)
FN:298,(anonymous_30)
FN:303,(anonymous_31)
FN:323,(anonymous_32)
FN:337,(anonymous_33)
FN:338,(anonymous_34)
FN:346,(anonymous_35)
FN:364,(anonymous_36)
FN:365,(anonymous_37)
FN:374,(anonymous_38)
FN:377,(anonymous_39)
FN:383,(anonymous_40)
FN:388,(anonymous_41)
FN:389,(anonymous_42)
FN:390,(anonymous_43)
FN:397,(anonymous_44)
FNF:45
FNH:32
FNDA:7,(anonymous_0)
FNDA:7,(anonymous_1)
FNDA:14,(anonymous_2)
FNDA:32,(anonymous_3)
FNDA:0,(anonymous_4)
FNDA:0,(anonymous_5)
FNDA:0,(anonymous_6)
FNDA:7,(anonymous_7)
FNDA:7,(anonymous_8)
FNDA:7,(anonymous_9)
FNDA:7,(anonymous_10)
FNDA:7,(anonymous_11)
FNDA:16,(anonymous_12)
FNDA:16,(anonymous_13)
FNDA:9,(anonymous_14)
FNDA:7,(anonymous_15)
FNDA:16,(anonymous_16)
FNDA:7,(anonymous_17)
FNDA:7,(anonymous_18)
FNDA:4,(anonymous_19)
FNDA:10,(anonymous_20)
FNDA:10,(anonymous_21)
FNDA:7,(anonymous_22)
FNDA:7,(anonymous_23)
FNDA:0,(anonymous_24)
FNDA:7,(anonymous_25)
FNDA:7,(anonymous_26)
FNDA:0,(anonymous_27)
FNDA:0,(anonymous_28)
FNDA:0,(anonymous_29)
FNDA:0,(anonymous_30)
FNDA:7,(anonymous_31)
FNDA:7,(anonymous_32)
FNDA:7,(anonymous_33)
FNDA:0,(anonymous_34)
FNDA:7,(anonymous_35)
FNDA:7,(anonymous_36)
FNDA:16,(anonymous_37)
FNDA:224,(anonymous_38)
FNDA:7,(anonymous_39)
FNDA:14,(anonymous_40)
FNDA:0,(anonymous_41)
FNDA:0,(anonymous_42)
FNDA:0,(anonymous_43)
FNDA:0,(anonymous_44)
DA:1,1
DA:2,1
DA:3,1
DA:4,1
DA:8,7
DA:9,7
DA:10,7
DA:11,7
DA:14,7
DA:22,7
DA:23,7
DA:25,7
DA:27,7
DA:28,7
DA:29,0
DA:31,7
DA:32,7
DA:36,7
DA:37,7
DA:38,7
DA:43,32
DA:44,14
DA:45,7
DA:46,7
DA:51,0
DA:52,0
DA:53,0
DA:54,0
DA:55,0
DA:62,0
DA:64,0
DA:68,0
DA:69,0
DA:71,0
DA:72,0
DA:73,0
DA:75,0
DA:76,0
DA:79,0
DA:80,0
DA:82,0
DA:83,0
DA:84,0
DA:85,0
DA:89,0
DA:92,0
DA:93,0
DA:98,7
DA:99,1
DA:102,6
DA:103,6
DA:104,6
DA:105,6
DA:117,4
DA:118,0
DA:119,0
DA:120,0
DA:121,0
DA:123,0
DA:127,4
DA:128,4
DA:132,4
DA:134,2
DA:135,2
DA:143,7
DA:145,7
DA:148,7
DA:151,7
DA:152,7
DA:156,7
DA:157,7
DA:164,7
DA:167,7
DA:170,7
DA:172,0
DA:174,7
DA:176,7
DA:181,7
DA:183,7
DA:184,16
DA:192,7
DA:193,16
DA:194,9
DA:195,9
DA:196,9
DA:201,7
DA:205,7
DA:206,7
DA:209,7
DA:210,16
DA:211,7
DA:214,7
DA:215,7
DA:216,7
DA:217,7
DA:221,7
DA:225,4
DA:226,0
DA:230,4
DA:231,10
DA:232,10
DA:235,4
DA:240,7
DA:241,7
DA:243,7
DA:244,7
DA:245,7
DA:248,7
DA:249,7
DA:251,0
DA:252,0
DA:253,0
DA:255,0
DA:261,7
DA:262,7
DA:265,7
DA:269,7
DA:272,0
DA:273,0
DA:276,0
DA:280,7
DA:281,7
DA:285,0
DA:292,0
DA:298,0
DA:299,0
DA:304,7
DA:311,7
DA:312,7
DA:313,7
DA:314,7
DA:315,7
DA:319,7
DA:320,7
DA:324,7
DA:330,7
DA:338,7
DA:339,0
DA:340,0
DA:342,0
DA:347,7
DA:350,7
DA:351,0
DA:352,0
DA:353,0
DA:354,0
DA:357,0
DA:361,7
DA:365,16
DA:370,7
DA:371,7
DA:372,7
DA:373,7
DA:374,224
DA:380,7
DA:385,14
DA:389,0
DA:390,0
DA:391,0
DA:393,0
DA:399,0
DA:403,1
LF:162
LH:107
BRDA:25,0,0,7
BRDA:25,0,1,0
BRDA:45,1,0,7
BRDA:45,1,1,0
BRDA:52,2,0,0
BRDA:52,2,1,0
BRDA:54,3,0,0
BRDA:54,3,1,0
BRDA:72,4,0,0
BRDA:72,4,1,0
BRDA:75,5,0,0
BRDA:75,5,1,0
BRDA:83,6,0,0
BRDA:83,6,1,0
BRDA:83,7,0,0
BRDA:83,7,1,0
BRDA:98,8,0,1
BRDA:98,8,1,6
BRDA:98,9,0,7
BRDA:98,9,1,6
BRDA:117,10,0,0
BRDA:117,10,1,4
BRDA:119,11,0,0
BRDA:119,11,1,0
BRDA:119,12,0,0
BRDA:119,12,1,0
BRDA:186,13,0,16
BRDA:186,13,1,7
BRDA:193,14,0,16
BRDA:193,14,1,7
BRDA:195,15,0,9
BRDA:195,15,1,0
BRDA:216,16,0,7
BRDA:216,16,1,0
BRDA:225,17,0,0
BRDA:225,17,1,4
BRDA:225,18,0,4
BRDA:225,18,1,4
BRDA:226,19,0,0
BRDA:226,19,1,0
BRDA:248,20,0,7
BRDA:248,20,1,0
BRDA:251,21,0,0
BRDA:251,21,1,0
BRDA:261,22,0,7
BRDA:261,22,1,0
BRDA:269,23,0,7
BRDA:269,23,1,0
BRDA:299,24,0,0
BRDA:299,24,1,0
BRDA:299,25,0,0
BRDA:299,25,1,0
BRDA:313,26,0,7
BRDA:313,26,1,0
BRDA:314,27,0,7
BRDA:314,27,1,0
BRDA:315,28,0,7
BRDA:315,28,1,0
BRDA:339,29,0,0
BRDA:339,29,1,0
BRDA:339,30,0,0
BRDA:339,30,1,0
BRDA:353,31,0,0
BRDA:353,31,1,0
BRDA:367,32,0,16
BRDA:367,32,1,7
BRDA:391,33,0,0
BRDA:391,33,1,0
BRF:68
BRH:24
end_of_record
TN:
SF:modules/chain/utils/chainUtil.js
FN:2,(anonymous_0)
FN:3,(anonymous_1)
FN:11,(anonymous_2)
FN:12,(anonymous_3)
FN:26,(anonymous_4)
FN:60,(anonymous_5)
FN:66,(anonymous_6)
FN:69,(anonymous_7)
FN:80,(anonymous_8)
FN:81,(anonymous_9)
FNF:10
FNH:10
FNDA:5,(anonymous_0)
FNDA:6,(anonymous_1)
FNDA:5,(anonymous_2)
FNDA:160,(anonymous_3)
FNDA:26,(anonymous_4)
FNDA:3,(anonymous_5)
FNDA:4,(anonymous_6)
FNDA:8,(anonymous_7)
FNDA:2,(anonymous_8)
FNDA:2,(anonymous_9)
DA:3,6
DA:9,5
DA:10,5
DA:11,5
DA:12,160
DA:17,0
DA:18,0
DA:19,0
DA:20,0
DA:21,0
DA:23,0
DA:27,26
DA:29,26
DA:30,26
DA:31,0
DA:32,0
DA:35,26
DA:36,26
DA:37,18
DA:38,1
DA:41,17
DA:42,16
DA:43,16
DA:48,23
DA:50,10
DA:53,23
DA:54,23
DA:55,23
DA:61,3
DA:66,3
DA:67,4
DA:69,3
DA:70,8
DA:71,3
DA:73,5
DA:74,5
DA:75,5
DA:80,2
DA:81,1
DA:82,2
DA:83,2
DA:88,3
LF:42
LH:34
BRDA:5,0,0,6
BRDA:5,0,1,0
BRDA:9,1,0,5
BRDA:9,1,1,0
BRDA:9,2,0,5
BRDA:9,2,1,5
BRDA:26,3,0,3
BRDA:26,4,0,3
BRDA:26,5,0,10
BRDA:30,6,0,0
BRDA:30,6,1,26
BRDA:37,7,0,1
BRDA:37,7,1,17
BRDA:41,8,0,16
BRDA:41,8,1,1
BRDA:48,9,0,10
BRDA:48,9,1,13
BRDA:67,10,0,3
BRDA:67,10,1,1
BRDA:70,11,0,3
BRDA:70,11,1,5
BRDA:73,12,0,5
BRDA:73,12,1,5
BRDA:82,13,0,2
BRDA:82,13,1,2
BRF:25
BRH:22
end_of_record
TN:
SF:modules/concurrency/asyncLock.js
FN:2,(anonymous_0)
FN:15,(anonymous_1)
FN:32,(anonymous_2)
FN:40,(anonymous_3)
FN:58,(anonymous_4)
FN:99,(anonymous_5)
FN:107,(anonymous_6)
FN:112,(anonymous_7)
FN:117,(anonymous_8)
FN:125,(anonymous_9)
FN:129,(anonymous_10)
FN:130,(anonymous_11)
FN:131,(anonymous_12)
FN:139,(anonymous_13)
FN:143,(anonymous_14)
FN:147,(anonymous_15)
FN:148,(anonymous_16)
FN:151,(anonymous_17)
FN:160,(anonymous_18)
FN:164,(anonymous_19)
FN:177,(anonymous_20)
FN:187,(anonymous_21)
FN:191,(anonymous_22)
FNF:23
FNH:15
FNDA:23,(anonymous_0)
FNDA:50,(anonymous_1)
FNDA:0,(anonymous_2)
FNDA:0,(anonymous_3)
FNDA:50,(anonymous_4)
FNDA:2,(anonymous_5)
FNDA:3,(anonymous_6)
FNDA:10,(anonymous_7)
FNDA:7,(anonymous_8)
FNDA:0,(anonymous_9)
FNDA:50,(anonymous_10)
FNDA:50,(anonymous_11)
FNDA:3,(anonymous_12)
FNDA:10,(anonymous_13)
FNDA:1,(anonymous_14)
FNDA:3,(anonymous_15)
FNDA:0,(anonymous_16)
FNDA:2,(anonymous_17)
FNDA:0,(anonymous_18)
FNDA:17,(anonymous_19)
FNDA:0,(anonymous_20)
FNDA:0,(anonymous_21)
FNDA:0,(anonymous_22)
DA:3,23
DA:4,23
DA:5,23
DA:6,23
DA:7,23
DA:16,50
DA:19,50
DA:20,43
DA:23,50
DA:24,50
DA:25,50
DA:28,50
DA:29,50
DA:30,43
DA:32,50
DA:33,50
DA:37,50
DA:42,0
DA:43,0
DA:47,0
DA:48,0
DA:49,0
DA:50,0
DA:51,0
DA:53,0
DA:58,50
DA:59,50
DA:61,50
DA:64,50
DA:65,50
DA:66,50
DA:67,50
DA:71,50
DA:72,50
DA:73,50
DA:74,50
DA:75,50
DA:78,50
DA:79,50
DA:80,49
DA:82,50
DA:83,50
DA:86,50
DA:89,50
DA:90,41
DA:93,50
DA:94,0
DA:100,2
DA:101,1
DA:104,1
DA:109,3
DA:112,3
DA:113,10
DA:114,3
DA:117,7
DA:118,7
DA:122,3
DA:126,0
DA:130,50
DA:131,50
DA:132,3
DA:133,3
DA:134,3
DA:140,10
DA:144,1
DA:148,3
DA:152,2
DA:153,2
DA:160,0
DA:166,17
DA:167,0
DA:169,0
DA:173,17
DA:174,17
DA:178,0
DA:179,0
DA:188,0
DA:192,0
DA:193,0
DA:195,0
DA:200,2
DA:201,2
LF:82
LH:63
BRDA:15,0,0,40
BRDA:19,1,0,43
BRDA:19,1,1,7
BRDA:28,2,0,50
BRDA:28,2,1,0
BRDA:29,3,0,43
BRDA:29,3,1,7
BRDA:42,4,0,0
BRDA:42,4,1,0
BRDA:47,5,0,0
BRDA:47,5,1,0
BRDA:50,6,0,0
BRDA:50,6,1,0
BRDA:51,7,0,0
BRDA:51,7,1,0
BRDA:65,8,0,50
BRDA:65,8,1,0
BRDA:66,9,0,50
BRDA:66,9,1,0
BRDA:71,10,0,50
BRDA:71,10,1,0
BRDA:74,11,0,50
BRDA:74,11,1,0
BRDA:75,12,0,43
BRDA:75,12,1,7
BRDA:89,13,0,41
BRDA:89,13,1,9
BRDA:93,14,0,0
BRDA:93,14,1,50
BRDA:99,15,0,2
BRDA:100,16,0,1
BRDA:100,16,1,1
BRDA:107,17,0,3
BRDA:113,18,0,3
BRDA:113,18,1,7
BRDA:125,19,0,0
BRDA:140,20,0,10
BRDA:140,20,1,4
BRDA:144,21,0,1
BRDA:144,21,1,1
BRDA:148,22,0,3
BRDA:148,22,1,1
BRDA:152,23,0,2
BRDA:152,23,1,0
BRDA:192,24,0,0
BRDA:192,24,1,0
BRDA:200,25,0,2
BRDA:200,25,1,0
BRDA:200,26,0,2
BRDA:200,26,1,2
BRF:50
BRH:31
end_of_record
TN:
SF:modules/concurrency/index.js
FNF:0
FNH:0
DA:6,1
DA:7,1
LF:2
LH:2
BRDA:6,0,0,1
BRDA:6,0,1,0
BRDA:6,1,0,1
BRDA:6,1,1,1
BRF:4
BRH:3
end_of_record
TN:
SF:modules/errors/thoughtError.js
FN:2,(anonymous_0)
FN:117,(anonymous_1)
FN:121,(anonymous_2)
FN:125,(anonymous_3)
FN:129,(anonymous_4)
FN:162,(anonymous_5)
FN:176,(anonymous_6)
FN:180,(anonymous_7)
FN:184,(anonymous_8)
FN:197,(anonymous_9)
FN:210,(anonymous_10)
FN:222,(anonymous_11)
FN:226,(anonymous_12)
FN:243,(anonymous_13)
FNF:14
FNH:0
FNDA:0,(anonymous_0)
FNDA:0,(anonymous_1)
FNDA:0,(anonymous_2)
FNDA:0,(anonymous_3)
FNDA:0,(anonymous_4)
FNDA:0,(anonymous_5)
FNDA:0,(anonymous_6)
FNDA:0,(anonymous_7)
FNDA:0,(anonymous_8)
FNDA:0,(anonymous_9)
FNDA:0,(anonymous_10)
FNDA:0,(anonymous_11)
FNDA:0,(anonymous_12)
FNDA:0,(anonymous_13)
DA:4,0
DA:7,0
DA:8,0
DA:12,0
DA:13,0
DA:14,0
DA:15,0
DA:16,0
DA:17,0
DA:21,1
DA:118,0
DA:122,0
DA:126,0
DA:130,0
DA:132,0
DA:134,0
DA:137,0
DA:138,0
DA:139,0
DA:140,0
DA:145,0
DA:146,0
DA:147,0
DA:148,0
DA:150,0
DA:152,0
DA:155,0
DA:159,0
DA:163,0
DA:177,0
DA:181,0
DA:185,0
DA:194,0
DA:198,0
DA:200,0
DA:204,0
DA:207,0
DA:211,0
DA:223,0
DA:227,0
DA:228,0
DA:231,0
DA:233,0
DA:235,0
DA:237,0
DA:239,0
DA:245,0
DA:246,0
DA:248,0
DA:249,0
DA:252,0
DA:253,0
DA:255,0
LF:53
LH:1
BRDA:2,0,0,0
BRDA:7,1,0,0
BRDA:7,1,1,0
BRDA:118,2,0,0
BRDA:118,2,1,0
BRDA:122,3,0,0
BRDA:122,3,1,0
BRDA:126,4,0,0
BRDA:126,4,1,0
BRDA:134,5,0,0
BRDA:134,5,1,0
BRDA:137,6,0,0
BRDA:137,6,1,0
BRDA:139,7,0,0
BRDA:139,7,1,0
BRDA:145,8,0,0
BRDA:145,8,1,0
BRDA:147,9,0,0
BRDA:147,9,1,0
BRDA:184,10,0,0
BRDA:184,11,0,0
BRDA:197,12,0,0
BRDA:197,13,0,0
BRDA:197,14,0,0
BRDA:198,15,0,0
BRDA:198,15,1,0
BRDA:226,16,0,0
BRDA:226,17,0,0
BRDA:227,18,0,0
BRDA:227,18,1,0
BRDA:228,19,0,0
BRDA:228,19,1,0
BRDA:231,20,0,0
BRDA:231,20,1,0
BRDA:231,20,2,0
BRDA:231,20,3,0
BRDA:239,21,0,0
BRDA:239,21,1,0
BRDA:243,22,0,0
BRF:39
BRH:0
end_of_record
TN:
SF:modules/memory/cache/lru.js
FN:4,(anonymous_0)
FN:21,(anonymous_1)
FN:22,(anonymous_2)
FN:34,(anonymous_3)
FN:35,(anonymous_4)
FN:67,(anonymous_5)
FN:68,(anonymous_6)
FN:79,(anonymous_7)
FN:80,(anonymous_8)
FN:88,(anonymous_9)
FN:89,(anonymous_10)
FN:102,(anonymous_11)
FN:113,(anonymous_12)
FN:118,(anonymous_13)
FN:122,(anonymous_14)
FN:126,(anonymous_15)
FN:134,(anonymous_16)
FN:142,(anonymous_17)
FN:150,(anonymous_18)
FN:151,(anonymous_19)
FN:160,(anonymous_20)
FN:165,(anonymous_21)
FN:170,(anonymous_22)
FN:178,(anonymous_23)
FN:179,(anonymous_24)
FN:205,(anonymous_25)
FN:206,(anonymous_26)
FN:212,(anonymous_27)
FN:213,(anonymous_28)
FN:224,(anonymous_29)
FN:225,(anonymous_30)
FN:236,(anonymous_31)
FN:240,(anonymous_32)
FN:241,(anonymous_33)
FNF:34
FNH:7
FNDA:7,(anonymous_0)
FNDA:7,(anonymous_1)
FNDA:7,(anonymous_2)
FNDA:7,(anonymous_3)
FNDA:7,(anonymous_4)
FNDA:7,(anonymous_5)
FNDA:7,(anonymous_6)
FNDA:0,(anonymous_7)
FNDA:0,(anonymous_8)
FNDA:0,(anonymous_9)
FNDA:0,(anonymous_10)
FNDA:0,(anonymous_11)
FNDA:0,(anonymous_12)
FNDA:0,(anonymous_13)
FNDA:0,(anonymous_14)
FNDA:0,(anonymous_15)
FNDA:0,(anonymous_16)
FNDA:0,(anonymous_17)
FNDA:0,(anonymous_18)
FNDA:0,(anonymous_19)
FNDA:0,(anonymous_20)
FNDA:0,(anonymous_21)
FNDA:0,(anonymous_22)
FNDA:0,(anonymous_23)
FNDA:0,(anonymous_24)
FNDA:0,(anonymous_25)
FNDA:0,(anonymous_26)
FNDA:0,(anonymous_27)
FNDA:0,(anonymous_28)
FNDA:0,(anonymous_29)
FNDA:0,(anonymous_30)
FNDA:0,(anonymous_31)
FNDA:0,(anonymous_32)
FNDA:0,(anonymous_33)
DA:5,7
DA:6,0
DA:8,7
DA:9,7
DA:10,7
DA:11,7
DA:12,7
DA:13,7
DA:14,7
DA:22,7
DA:23,7
DA:24,7
DA:25,0
DA:26,0
DA:27,0
DA:29,7
DA:30,7
DA:35,7
DA:36,7
DA:38,7
DA:40,0
DA:41,0
DA:42,0
DA:46,7
DA:54,7
DA:55,7
DA:58,7
DA:61,7
DA:62,0
DA:68,7
DA:69,7
DA:70,7
DA:71,0
DA:72,0
DA:73,0
DA:75,7
DA:80,0
DA:81,0
DA:82,0
DA:83,0
DA:84,0
DA:89,0
DA:90,0
DA:91,0
DA:94,0
DA:95,0
DA:96,0
DA:97,0
DA:98,0
DA:104,0
DA:107,0
DA:108,0
DA:109,0
DA:110,0
DA:114,0
DA:115,0
DA:119,0
DA:123,0
DA:127,0
DA:128,0
DA:129,0
DA:130,0
DA:135,0
DA:136,0
DA:137,0
DA:138,0
DA:143,0
DA:144,0
DA:145,0
DA:146,0
DA:151,0
DA:161,0
DA:162,0
DA:166,0
DA:167,0
DA:171,0
DA:179,0
DA:181,0
DA:182,0
DA:185,0
DA:186,0
DA:187,0
DA:188,0
DA:193,0
DA:194,0
DA:197,0
DA:206,0
DA:207,0
DA:208,0
DA:213,0
DA:214,0
DA:215,0
DA:217,0
DA:225,0
DA:226,0
DA:227,0
DA:229,0
DA:237,0
DA:241,0
DA:242,0
DA:243,0
DA:244,0
DA:245,0
DA:246,0
DA:251,1
LF:105
LH:26
BRDA:5,0,0,0
BRDA:5,0,1,7
BRDA:5,1,0,7
BRDA:5,1,1,7
BRDA:24,2,0,0
BRDA:24,2,1,7
BRDA:38,3,0,0
BRDA:38,3,1,7
BRDA:61,4,0,0
BRDA:61,4,1,7
BRDA:70,5,0,0
BRDA:70,5,1,7
BRDA:90,6,0,0
BRDA:90,6,1,0
BRDA:162,7,0,0
BRDA:162,7,1,0
BRDA:167,8,0,0
BRDA:167,8,1,0
BRDA:185,9,0,0
BRDA:185,9,1,0
BRDA:185,10,0,0
BRDA:185,10,1,0
BRDA:193,11,0,0
BRDA:193,11,1,0
BRDA:193,12,0,0
BRDA:193,12,1,0
BRDA:208,13,0,0
BRDA:208,13,1,0
BRDA:214,14,0,0
BRDA:214,14,1,0
BRDA:226,15,0,0
BRDA:226,15,1,0
BRF:32
BRH:7
end_of_record
TN:
SF:tests/test-setup.js
FN:8,(anonymous_0)
FN:20,(anonymous_1)
FN:28,sha256
FN:126,rightRotate
FN:132,(anonymous_4)
FN:136,(anonymous_5)
FN:140,(anonymous_6)
FN:141,(anonymous_7)
FN:144,(anonymous_8)
FN:146,(anonymous_9)
FN:151,(anonymous_10)
FN:159,(anonymous_11)
FN:159,(anonymous_12)
FN:162,(anonymous_13)
FN:162,(anonymous_14)
FN:166,(anonymous_15)
FN:174,(anonymous_16)
FN:183,(anonymous_17)
FN:207,(anonymous_18)
FN:215,(anonymous_19)
FN:220,(anonymous_20)
FN:230,(anonymous_21)
FN:236,(anonymous_22)
FN:242,(anonymous_23)
FN:247,(anonymous_24)
FN:250,(anonymous_25)
FN:255,(anonymous_26)
FN:256,(anonymous_27)
FN:256,(anonymous_28)
FN:259,(anonymous_29)
FN:260,(anonymous_30)
FN:265,(anonymous_31)
FN:270,(anonymous_32)
FN:275,(anonymous_33)
FNF:34
FNH:9
FNDA:12,(anonymous_0)
FNDA:0,(anonymous_1)
FNDA:12,sha256
FNDA:12096,rightRotate
FNDA:4,(anonymous_4)
FNDA:0,(anonymous_5)
FNDA:0,(anonymous_6)
FNDA:0,(anonymous_7)
FNDA:0,(anonymous_8)
FNDA:0,(anonymous_9)
FNDA:0,(anonymous_10)
FNDA:0,(anonymous_11)
FNDA:0,(anonymous_12)
FNDA:0,(anonymous_13)
FNDA:0,(anonymous_14)
FNDA:0,(anonymous_15)
FNDA:0,(anonymous_16)
FNDA:0,(anonymous_17)
FNDA:0,(anonymous_18)
FNDA:0,(anonymous_19)
FNDA:0,(anonymous_20)
FNDA:0,(anonymous_21)
FNDA:0,(anonymous_22)
FNDA:32,(anonymous_23)
FNDA:0,(anonymous_24)
FNDA:0,(anonymous_25)
FNDA:12,(anonymous_26)
FNDA:12,(anonymous_27)
FNDA:690,(anonymous_28)
FNDA:0,(anonymous_29)
FNDA:0,(anonymous_30)
FNDA:0,(anonymous_31)
FNDA:0,(anonymous_32)
FNDA:32,(anonymous_33)
DA:6,3
DA:11,12
DA:14,12
DA:21,0
DA:22,0
DA:24,0
DA:30,12
DA:33,12
DA:52,12
DA:60,12
DA:61,12
DA:64,12
DA:65,12
DA:66,12
DA:69,12
DA:70,12
DA:71,12
DA:74,12
DA:75,12
DA:78,12
DA:79,21
DA:81,21
DA:82,336
DA:85,21
DA:86,1008
DA:87,1008
DA:88,1008
DA:91,21
DA:92,21
DA:94,21
DA:95,1344
DA:96,1344
DA:97,1344
DA:98,1344
DA:99,1344
DA:100,1344
DA:102,1344
DA:103,1344
DA:106,21
DA:107,21
DA:108,21
DA:109,21
DA:110,21
DA:111,21
DA:112,21
DA:113,21
DA:117,12
DA:118,12
DA:119,12
DA:120,96
DA:123,12
DA:127,12096
DA:132,4
DA:136,0
DA:140,3
DA:141,0
DA:144,0
DA:146,0
DA:151,0
DA:159,3
DA:162,3
DA:167,0
DA:168,0
DA:169,0
DA:170,0
DA:171,0
DA:175,0
DA:176,0
DA:177,0
DA:178,0
DA:180,0
DA:184,0
DA:185,0
DA:186,0
DA:187,0
DA:189,0
DA:195,0
DA:196,0
DA:197,0
DA:199,0
DA:200,0
DA:201,0
DA:202,0
DA:208,0
DA:209,0
DA:210,0
DA:211,0
DA:212,0
DA:216,0
DA:217,0
DA:221,0
DA:222,0
DA:223,0
DA:224,0
DA:225,0
DA:227,0
DA:231,0
DA:232,0
DA:233,0
DA:237,0
DA:242,3
DA:244,32
DA:247,32
DA:248,0
DA:250,0
DA:255,32
DA:256,690
DA:259,32
DA:260,0
DA:264,32
DA:265,0
DA:269,32
DA:270,0
DA:275,3
DA:276,32
DA:277,32
DA:278,32
DA:279,32
DA:280,32
LF:119
LH:67
BRDA:132,0,0,2
BRDA:176,1,0,0
BRDA:176,1,1,0
BRDA:184,2,0,0
BRDA:184,2,1,0
BRDA:199,3,0,0
BRDA:199,3,1,0
BRDA:222,4,0,0
BRDA:222,4,1,0
BRDA:269,5,0,0
BRDA:269,5,1,32
BRDA:277,6,0,32
BRDA:277,6,1,0
BRDA:278,7,0,32
BRDA:278,7,1,0
BRDA:279,8,0,32
BRDA:279,8,1,0
BRDA:280,9,0,32
BRDA:280,9,1,0
BRF:19
BRH:6
end_of_record
