TN:
SF:modules/concurrency/asyncLock.js
FN:2,(anonymous_0)
FN:15,(anonymous_1)
FN:25,(anonymous_2)
FN:55,(anonymous_3)
FN:105,(anonymous_4)
FN:119,(anonymous_5)
FN:124,(anonymous_6)
FN:129,(anonymous_7)
FN:137,(anonymous_8)
FN:141,(anonymous_9)
FN:142,(anonymous_10)
FN:143,(anonymous_11)
FN:151,(anonymous_12)
FN:158,(anonymous_13)
FN:162,(anonymous_14)
FN:163,(anonymous_15)
FN:166,(anonymous_16)
FN:177,(anonymous_17)
FN:207,(anonymous_18)
FN:217,(anonymous_19)
FN:221,(anonymous_20)
FN:228,(anonymous_21)
FN:230,(anonymous_22)
FNF:23
FNH:4
FNDA:22,(anonymous_0)
FNDA:613,(anonymous_1)
FNDA:613,(anonymous_2)
FNDA:613,(anonymous_3)
FNDA:0,(anonymous_4)
FNDA:0,(anonymous_5)
FNDA:0,(anonymous_6)
FNDA:0,(anonymous_7)
FNDA:0,(anonymous_8)
FNDA:0,(anonymous_9)
FNDA:0,(anonymous_10)
FNDA:0,(anonymous_11)
FNDA:0,(anonymous_12)
FNDA:0,(anonymous_13)
FNDA:0,(anonymous_14)
FNDA:0,(anonymous_15)
FNDA:0,(anonymous_16)
FNDA:0,(anonymous_17)
FNDA:0,(anonymous_18)
FNDA:0,(anonymous_19)
FNDA:0,(anonymous_20)
FNDA:0,(anonymous_21)
FNDA:0,(anonymous_22)
DA:3,22
DA:4,22
DA:5,22
DA:6,22
DA:7,22
DA:16,613
DA:19,613
DA:20,613
DA:25,613
DA:26,613
DA:30,613
DA:31,613
DA:33,613
DA:35,613
DA:36,0
DA:37,0
DA:38,0
DA:41,0
DA:42,0
DA:43,0
DA:45,0
DA:46,0
DA:48,0
DA:49,0
DA:55,613
DA:56,613
DA:58,613
DA:61,613
DA:62,613
DA:63,0
DA:66,613
DA:68,613
DA:69,612
DA:72,1
DA:73,1
DA:74,1
DA:76,1
DA:77,1
DA:79,1
DA:81,613
DA:82,613
DA:85,613
DA:86,613
DA:87,612
DA:89,613
DA:90,613
DA:94,613
DA:95,613
DA:96,613
DA:101,1
DA:106,0
DA:107,0
DA:109,0
DA:110,0
DA:112,0
DA:113,0
DA:115,0
DA:121,0
DA:124,0
DA:125,0
DA:126,0
DA:129,0
DA:130,0
DA:134,0
DA:138,0
DA:142,0
DA:143,0
DA:144,0
DA:145,0
DA:146,0
DA:152,0
DA:153,0
DA:155,0
DA:159,0
DA:163,0
DA:167,0
DA:168,0
DA:179,0
DA:180,0
DA:183,0
DA:184,0
DA:185,0
DA:187,0
DA:188,0
DA:193,0
DA:194,0
DA:195,0
DA:197,0
DA:199,0
DA:200,0
DA:202,0
DA:208,0
DA:209,0
DA:218,0
DA:222,0
DA:223,0
DA:225,0
DA:229,0
DA:230,0
LF:99
LH:39
BRDA:15,0,0,613
BRDA:19,1,0,613
BRDA:19,1,1,0
BRDA:35,2,0,0
BRDA:35,2,1,613
BRDA:42,3,0,0
BRDA:42,3,1,0
BRDA:45,4,0,0
BRDA:45,4,1,0
BRDA:62,5,0,0
BRDA:62,5,1,613
BRDA:73,6,0,1
BRDA:73,6,1,0
BRDA:76,7,0,1
BRDA:76,7,1,0
BRDA:86,8,0,612
BRDA:86,8,1,1
BRDA:89,9,0,613
BRDA:89,9,1,0
BRDA:95,10,0,613
BRDA:95,10,1,0
BRDA:105,11,0,0
BRDA:106,12,0,0
BRDA:106,12,1,0
BRDA:112,13,0,0
BRDA:112,13,1,0
BRDA:119,14,0,0
BRDA:125,15,0,0
BRDA:125,15,1,0
BRDA:137,16,0,0
BRDA:153,17,0,0
BRDA:153,17,1,0
BRDA:155,18,0,0
BRDA:155,18,1,0
BRDA:159,19,0,0
BRDA:159,19,1,0
BRDA:159,19,2,0
BRDA:163,20,0,0
BRDA:163,20,1,0
BRDA:167,21,0,0
BRDA:167,21,1,0
BRDA:185,22,0,0
BRDA:185,22,1,0
BRDA:195,23,0,0
BRDA:195,23,1,0
BRDA:222,24,0,0
BRDA:222,24,1,0
BRDA:229,25,0,0
BRDA:229,25,1,0
BRF:49
BRH:10
end_of_record
TN:
SF:modules/concurrency/index.js
FNF:0
FNH:0
DA:6,1
DA:7,1
LF:2
LH:2
BRDA:6,0,0,1
BRDA:6,0,1,0
BRDA:6,1,0,1
BRDA:6,1,1,1
BRF:4
BRH:3
end_of_record
TN:
SF:modules/errors/thoughtError.js
FN:2,(anonymous_0)
FN:117,(anonymous_1)
FN:121,(anonymous_2)
FN:125,(anonymous_3)
FN:129,(anonymous_4)
FN:162,(anonymous_5)
FN:176,(anonymous_6)
FN:180,(anonymous_7)
FN:184,(anonymous_8)
FN:197,(anonymous_9)
FN:210,(anonymous_10)
FN:222,(anonymous_11)
FN:226,(anonymous_12)
FN:243,(anonymous_13)
FNF:14
FNH:0
FNDA:0,(anonymous_0)
FNDA:0,(anonymous_1)
FNDA:0,(anonymous_2)
FNDA:0,(anonymous_3)
FNDA:0,(anonymous_4)
FNDA:0,(anonymous_5)
FNDA:0,(anonymous_6)
FNDA:0,(anonymous_7)
FNDA:0,(anonymous_8)
FNDA:0,(anonymous_9)
FNDA:0,(anonymous_10)
FNDA:0,(anonymous_11)
FNDA:0,(anonymous_12)
FNDA:0,(anonymous_13)
DA:4,0
DA:7,0
DA:8,0
DA:12,0
DA:13,0
DA:14,0
DA:15,0
DA:16,0
DA:17,0
DA:21,1
DA:118,0
DA:122,0
DA:126,0
DA:130,0
DA:132,0
DA:134,0
DA:137,0
DA:138,0
DA:139,0
DA:140,0
DA:145,0
DA:146,0
DA:147,0
DA:148,0
DA:150,0
DA:152,0
DA:155,0
DA:159,0
DA:163,0
DA:177,0
DA:181,0
DA:185,0
DA:194,0
DA:198,0
DA:200,0
DA:204,0
DA:207,0
DA:211,0
DA:223,0
DA:227,0
DA:228,0
DA:231,0
DA:233,0
DA:235,0
DA:237,0
DA:239,0
DA:245,0
DA:246,0
DA:248,0
DA:249,0
DA:252,0
DA:253,0
DA:255,0
LF:53
LH:1
BRDA:2,0,0,0
BRDA:7,1,0,0
BRDA:7,1,1,0
BRDA:118,2,0,0
BRDA:118,2,1,0
BRDA:122,3,0,0
BRDA:122,3,1,0
BRDA:126,4,0,0
BRDA:126,4,1,0
BRDA:134,5,0,0
BRDA:134,5,1,0
BRDA:137,6,0,0
BRDA:137,6,1,0
BRDA:139,7,0,0
BRDA:139,7,1,0
BRDA:145,8,0,0
BRDA:145,8,1,0
BRDA:147,9,0,0
BRDA:147,9,1,0
BRDA:184,10,0,0
BRDA:184,11,0,0
BRDA:197,12,0,0
BRDA:197,13,0,0
BRDA:197,14,0,0
BRDA:198,15,0,0
BRDA:198,15,1,0
BRDA:226,16,0,0
BRDA:226,17,0,0
BRDA:227,18,0,0
BRDA:227,18,1,0
BRDA:228,19,0,0
BRDA:228,19,1,0
BRDA:231,20,0,0
BRDA:231,20,1,0
BRDA:231,20,2,0
BRDA:231,20,3,0
BRDA:239,21,0,0
BRDA:239,21,1,0
BRDA:243,22,0,0
BRF:39
BRH:0
end_of_record
TN:
SF:modules/storage/hybridStorage.js
FN:7,(anonymous_0)
FN:33,(anonymous_1)
FN:37,(anonymous_2)
FN:41,(anonymous_3)
FN:45,(anonymous_4)
FN:56,(anonymous_5)
FN:59,(anonymous_6)
FN:64,(anonymous_7)
FN:87,(anonymous_8)
FN:96,(anonymous_9)
FN:99,(anonymous_10)
FN:138,(anonymous_11)
FN:141,(anonymous_12)
FN:196,(anonymous_13)
FN:199,(anonymous_14)
FN:220,(anonymous_15)
FN:245,(anonymous_16)
FN:248,(anonymous_17)
FN:260,(anonymous_18)
FN:263,(anonymous_19)
FN:276,(anonymous_20)
FN:279,(anonymous_21)
FN:300,(anonymous_22)
FN:303,(anonymous_23)
FN:319,(anonymous_24)
FN:321,(anonymous_25)
FN:322,(anonymous_26)
FN:345,(anonymous_27)
FN:348,(anonymous_28)
FN:356,(anonymous_29)
FN:360,(anonymous_30)
FN:364,(anonymous_31)
FN:373,(anonymous_32)
FN:376,(anonymous_33)
FN:383,(anonymous_34)
FN:387,(anonymous_35)
FN:403,(anonymous_36)
FN:404,(anonymous_37)
FN:410,(anonymous_38)
FN:411,(anonymous_39)
FN:415,(anonymous_40)
FN:416,(anonymous_41)
FN:422,(anonymous_42)
FN:423,(anonymous_43)
FN:427,(anonymous_44)
FN:428,(anonymous_45)
FN:434,(anonymous_46)
FN:435,(anonymous_47)
FN:439,(anonymous_48)
FN:440,(anonymous_49)
FN:459,(anonymous_50)
FN:460,(anonymous_51)
FN:484,(anonymous_52)
FN:487,(anonymous_53)
FN:495,(anonymous_54)
FN:497,(anonymous_55)
FN:498,(anonymous_56)
FN:515,(anonymous_57)
FN:516,(anonymous_58)
FN:523,(anonymous_59)
FN:524,(anonymous_60)
FN:542,(anonymous_61)
FN:546,(anonymous_62)
FN:559,(anonymous_63)
FN:563,(anonymous_64)
FN:568,(anonymous_65)
FN:572,(anonymous_66)
FN:576,(anonymous_67)
FN:581,(anonymous_68)
FN:606,(anonymous_69)
FN:613,(anonymous_70)
FN:620,(anonymous_71)
FN:628,(anonymous_72)
FN:643,(anonymous_73)
FN:656,(anonymous_74)
FN:658,(anonymous_75)
FN:666,(anonymous_76)
FN:667,(anonymous_77)
FN:674,(anonymous_78)
FN:675,(anonymous_79)
FN:692,(anonymous_80)
FN:709,(anonymous_81)
FN:719,(anonymous_82)
FN:721,(anonymous_83)
FN:722,(anonymous_84)
FN:731,(anonymous_85)
FN:734,(anonymous_86)
FN:757,(anonymous_87)
FNF:88
FNH:66
FNDA:22,(anonymous_0)
FNDA:53,(anonymous_1)
FNDA:22,(anonymous_2)
FNDA:0,(anonymous_3)
FNDA:22,(anonymous_4)
FNDA:22,(anonymous_5)
FNDA:22,(anonymous_6)
FNDA:0,(anonymous_7)
FNDA:1128,(anonymous_8)
FNDA:483,(anonymous_9)
FNDA:483,(anonymous_10)
FNDA:72,(anonymous_11)
FNDA:72,(anonymous_12)
FNDA:51,(anonymous_13)
FNDA:51,(anonymous_14)
FNDA:2,(anonymous_15)
FNDA:1,(anonymous_16)
FNDA:1,(anonymous_17)
FNDA:3,(anonymous_18)
FNDA:3,(anonymous_19)
FNDA:1,(anonymous_20)
FNDA:1,(anonymous_21)
FNDA:2,(anonymous_22)
FNDA:2,(anonymous_23)
FNDA:2,(anonymous_24)
FNDA:0,(anonymous_25)
FNDA:54,(anonymous_26)
FNDA:482,(anonymous_27)
FNDA:482,(anonymous_28)
FNDA:0,(anonymous_29)
FNDA:482,(anonymous_30)
FNDA:0,(anonymous_31)
FNDA:6,(anonymous_32)
FNDA:6,(anonymous_33)
FNDA:0,(anonymous_34)
FNDA:6,(anonymous_35)
FNDA:51,(anonymous_36)
FNDA:51,(anonymous_37)
FNDA:0,(anonymous_38)
FNDA:51,(anonymous_39)
FNDA:1,(anonymous_40)
FNDA:1,(anonymous_41)
FNDA:0,(anonymous_42)
FNDA:1,(anonymous_43)
FNDA:1,(anonymous_44)
FNDA:1,(anonymous_45)
FNDA:0,(anonymous_46)
FNDA:1,(anonymous_47)
FNDA:3,(anonymous_48)
FNDA:3,(anonymous_49)
FNDA:0,(anonymous_50)
FNDA:10,(anonymous_51)
FNDA:0,(anonymous_52)
FNDA:0,(anonymous_53)
FNDA:0,(anonymous_54)
FNDA:0,(anonymous_55)
FNDA:0,(anonymous_56)
FNDA:0,(anonymous_57)
FNDA:0,(anonymous_58)
FNDA:0,(anonymous_59)
FNDA:0,(anonymous_60)
FNDA:175,(anonymous_61)
FNDA:482,(anonymous_62)
FNDA:478,(anonymous_63)
FNDA:66,(anonymous_64)
FNDA:66,(anonymous_65)
FNDA:482,(anonymous_66)
FNDA:10100,(anonymous_67)
FNDA:18223,(anonymous_68)
FNDA:483,(anonymous_69)
FNDA:604,(anonymous_70)
FNDA:2,(anonymous_71)
FNDA:200,(anonymous_72)
FNDA:1,(anonymous_73)
FNDA:3,(anonymous_74)
FNDA:3,(anonymous_75)
FNDA:3,(anonymous_76)
FNDA:3,(anonymous_77)
FNDA:0,(anonymous_78)
FNDA:0,(anonymous_79)
FNDA:1,(anonymous_80)
FNDA:22,(anonymous_81)
FNDA:22,(anonymous_82)
FNDA:0,(anonymous_83)
FNDA:22,(anonymous_84)
FNDA:7,(anonymous_85)
FNDA:5,(anonymous_86)
FNDA:1,(anonymous_87)
DA:8,22
DA:9,22
DA:10,22
DA:11,22
DA:12,22
DA:13,22
DA:14,22
DA:15,22
DA:16,22
DA:19,22
DA:30,22
DA:34,53
DA:35,53
DA:37,22
DA:38,22
DA:39,22
DA:41,22
DA:42,0
DA:45,22
DA:46,22
DA:47,22
DA:48,22
DA:49,22
DA:50,22
DA:51,22
DA:52,22
DA:56,22
DA:57,22
DA:59,22
DA:60,22
DA:61,22
DA:64,22
DA:65,0
DA:66,0
DA:69,22
DA:70,22
DA:73,0
DA:77,22
DA:78,22
DA:79,22
DA:80,22
DA:82,0
DA:83,0
DA:88,1128
DA:89,31
DA:91,1128
DA:92,0
DA:97,483
DA:99,483
DA:100,483
DA:101,483
DA:102,483
DA:103,483
DA:114,483
DA:115,2
DA:116,1
DA:120,482
DA:121,482
DA:122,482
DA:126,482
DA:127,482
DA:128,482
DA:130,482
DA:132,1
DA:133,1
DA:139,72
DA:141,72
DA:142,72
DA:143,72
DA:145,72
DA:146,66
DA:147,66
DA:148,0
DA:149,0
DA:150,0
DA:153,66
DA:154,66
DA:155,66
DA:156,66
DA:157,66
DA:163,6
DA:164,6
DA:165,6
DA:166,6
DA:169,0
DA:170,0
DA:171,0
DA:175,0
DA:178,0
DA:179,0
DA:180,0
DA:183,0
DA:184,0
DA:185,0
DA:186,0
DA:190,0
DA:191,0
DA:197,51
DA:199,51
DA:200,51
DA:201,51
DA:203,51
DA:206,51
DA:207,51
DA:208,51
DA:211,51
DA:212,51
DA:214,0
DA:215,0
DA:221,2
DA:223,2
DA:224,2
DA:226,2
DA:227,1
DA:228,1
DA:229,1
DA:230,1
DA:232,0
DA:236,1
DA:237,1
DA:238,1
DA:240,0
DA:241,0
DA:246,1
DA:248,1
DA:249,1
DA:250,1
DA:251,1
DA:252,1
DA:254,0
DA:255,0
DA:261,3
DA:263,3
DA:264,3
DA:265,3
DA:266,3
DA:267,3
DA:268,3
DA:270,0
DA:271,0
DA:277,1
DA:279,1
DA:280,1
DA:281,1
DA:283,1
DA:285,1
DA:287,1
DA:288,1
DA:289,0
DA:292,1
DA:294,0
DA:295,0
DA:301,2
DA:303,2
DA:304,2
DA:305,2
DA:308,2
DA:309,52
DA:310,1
DA:311,1
DA:315,2
DA:316,2
DA:317,2
DA:319,2
DA:320,2
DA:321,2
DA:322,2
DA:323,54
DA:324,54
DA:325,51
DA:326,51
DA:327,1
DA:328,1
DA:329,0
DA:332,51
DA:334,3
DA:339,0
DA:340,0
DA:346,482
DA:348,482
DA:349,482
DA:350,482
DA:351,482
DA:352,482
DA:354,482
DA:356,482
DA:357,0
DA:360,482
DA:361,482
DA:364,482
DA:365,0
DA:368,0
DA:374,6
DA:376,6
DA:377,6
DA:378,6
DA:379,6
DA:380,6
DA:381,6
DA:383,6
DA:384,0
DA:387,6
DA:388,6
DA:389,6
DA:391,0
DA:392,0
DA:395,6
DA:398,0
DA:404,51
DA:405,51
DA:406,51
DA:407,51
DA:408,51
DA:410,51
DA:411,51
DA:416,1
DA:417,1
DA:418,1
DA:419,1
DA:420,1
DA:422,1
DA:423,1
DA:428,1
DA:429,1
DA:430,1
DA:431,1
DA:432,1
DA:434,1
DA:435,1
DA:440,3
DA:441,3
DA:442,3
DA:443,3
DA:444,3
DA:445,3
DA:446,3
DA:449,3
DA:450,2
DA:451,2
DA:452,1
DA:453,1
DA:454,1
DA:456,0
DA:459,3
DA:460,3
DA:461,10
DA:462,10
DA:463,7
DA:464,7
DA:465,5
DA:466,5
DA:468,7
DA:470,3
DA:485,0
DA:487,0
DA:488,0
DA:489,0
DA:491,0
DA:492,0
DA:495,0
DA:496,0
DA:497,0
DA:498,0
DA:501,0
DA:503,0
DA:504,0
DA:507,0
DA:509,0
DA:510,0
DA:516,0
DA:517,0
DA:518,0
DA:519,0
DA:520,0
DA:521,0
DA:523,0
DA:524,0
DA:525,0
DA:526,0
DA:527,0
DA:528,0
DA:529,0
DA:530,0
DA:532,0
DA:534,0
DA:536,0
DA:543,175
DA:547,482
DA:549,482
DA:550,478
DA:552,478
DA:553,478
DA:554,478
DA:556,478
DA:560,478
DA:564,66
DA:565,66
DA:569,66
DA:573,482
DA:575,100
DA:576,10100
DA:591,18223
DA:592,0
DA:594,18223
DA:598,100
DA:599,100
DA:600,100
DA:601,100
DA:607,483
DA:608,1
DA:610,482
DA:614,604
DA:615,604
DA:616,0
DA:621,2
DA:627,2
DA:628,200
DA:632,2
DA:633,2
DA:634,2
DA:638,2
DA:640,2
DA:644,1
DA:645,1
DA:646,0
DA:648,0
DA:650,0
DA:652,1
DA:657,3
DA:658,3
DA:659,3
DA:661,3
DA:662,3
DA:663,3
DA:664,3
DA:666,3
DA:667,3
DA:668,3
DA:669,3
DA:671,0
DA:673,3
DA:674,0
DA:675,0
DA:676,0
DA:677,0
DA:678,0
DA:679,0
DA:680,0
DA:682,0
DA:694,1
DA:696,1
DA:697,1
DA:701,0
DA:702,0
DA:710,22
DA:712,22
DA:713,22
DA:715,22
DA:716,22
DA:719,22
DA:720,22
DA:721,22
DA:722,22
DA:725,22
DA:727,0
DA:732,7
DA:734,7
DA:735,1
DA:738,6
DA:739,0
DA:742,6
DA:743,0
DA:746,6
DA:747,1
DA:750,5
DA:751,0
DA:754,5
DA:758,1
DA:759,1
LF:379
LH:280
BRDA:7,0,0,0
BRDA:9,1,0,22
BRDA:9,1,1,0
BRDA:10,2,0,22
BRDA:10,2,1,22
BRDA:11,3,0,22
BRDA:11,3,1,0
BRDA:12,4,0,22
BRDA:12,4,1,22
BRDA:13,5,0,22
BRDA:13,5,1,22
BRDA:34,6,0,0
BRDA:34,6,1,53
BRDA:35,7,0,31
BRDA:35,7,1,22
BRDA:47,8,0,22
BRDA:47,8,1,0
BRDA:88,9,0,31
BRDA:88,9,1,1097
BRDA:91,10,0,0
BRDA:91,10,1,1128
BRDA:96,11,0,472
BRDA:108,12,0,483
BRDA:108,12,1,479
BRDA:109,13,0,483
BRDA:109,13,1,478
BRDA:114,14,0,2
BRDA:114,14,1,481
BRDA:120,15,0,482
BRDA:120,15,1,0
BRDA:145,16,0,66
BRDA:145,16,1,6
BRDA:147,17,0,0
BRDA:147,17,1,66
BRDA:157,18,0,1
BRDA:157,18,1,65
BRDA:164,19,0,6
BRDA:164,19,1,0
BRDA:169,20,0,0
BRDA:169,20,1,0
BRDA:178,21,0,0
BRDA:178,21,1,0
BRDA:186,22,0,0
BRDA:186,22,1,0
BRDA:207,23,0,51
BRDA:207,23,1,0
BRDA:226,24,0,1
BRDA:226,24,1,1
BRDA:228,25,0,1
BRDA:228,25,1,0
BRDA:288,26,0,0
BRDA:288,26,1,1
BRDA:309,27,0,1
BRDA:309,27,1,51
BRDA:324,28,0,51
BRDA:324,28,1,3
BRDA:326,29,0,1
BRDA:326,29,1,50
BRDA:328,30,0,0
BRDA:328,30,1,1
BRDA:350,31,0,0
BRDA:350,31,1,482
BRDA:378,32,0,0
BRDA:378,32,1,6
BRDA:389,33,0,0
BRDA:389,33,1,6
BRDA:391,34,0,0
BRDA:391,34,1,0
BRDA:395,35,0,6
BRDA:395,35,1,6
BRDA:405,36,0,0
BRDA:405,36,1,51
BRDA:417,37,0,0
BRDA:417,37,1,1
BRDA:429,38,0,0
BRDA:429,38,1,1
BRDA:441,39,0,0
BRDA:441,39,1,3
BRDA:449,40,0,2
BRDA:449,40,1,1
BRDA:449,41,0,3
BRDA:449,41,1,2
BRDA:452,42,0,1
BRDA:452,42,1,0
BRDA:462,43,0,7
BRDA:462,43,1,3
BRDA:464,44,0,5
BRDA:464,44,1,2
BRDA:464,45,0,7
BRDA:464,45,1,5
BRDA:491,46,0,0
BRDA:491,46,1,0
BRDA:491,47,0,0
BRDA:491,47,1,0
BRDA:491,47,2,0
BRDA:517,48,0,0
BRDA:517,48,1,0
BRDA:526,49,0,0
BRDA:526,49,1,0
BRDA:527,50,0,0
BRDA:527,50,1,0
BRDA:529,51,0,0
BRDA:529,51,1,0
BRDA:543,52,0,175
BRDA:543,52,1,2
BRDA:547,53,0,0
BRDA:547,53,1,482
BRDA:549,54,0,4
BRDA:549,54,1,478
BRDA:550,55,0,0
BRDA:550,55,1,478
BRDA:552,56,0,478
BRDA:552,56,1,0
BRDA:556,57,0,478
BRDA:556,57,1,0
BRDA:560,58,0,478
BRDA:560,58,1,478
BRDA:564,59,0,66
BRDA:564,59,1,17
BRDA:573,60,0,382
BRDA:573,60,1,100
BRDA:579,61,0,10100
BRDA:579,61,1,0
BRDA:591,62,0,0
BRDA:591,62,1,18223
BRDA:600,63,0,100
BRDA:600,63,1,0
BRDA:607,64,0,1
BRDA:607,64,1,482
BRDA:615,65,0,0
BRDA:615,65,1,604
BRDA:627,66,0,2
BRDA:627,66,1,0
BRDA:633,67,0,2
BRDA:633,67,1,0
BRDA:646,68,0,0
BRDA:646,68,1,0
BRDA:659,69,0,0
BRDA:659,69,1,3
BRDA:669,70,0,0
BRDA:669,70,1,3
BRDA:677,71,0,0
BRDA:677,71,1,0
BRDA:696,72,0,1
BRDA:696,72,1,0
BRDA:696,73,0,1
BRDA:696,73,1,1
BRDA:701,74,0,0
BRDA:701,74,1,0
BRDA:701,75,0,0
BRDA:701,75,1,0
BRDA:715,76,0,22
BRDA:715,76,1,0
BRDA:715,77,0,22
BRDA:715,77,1,22
BRDA:715,77,2,22
BRDA:732,78,0,0
BRDA:732,78,1,7
BRDA:734,79,0,1
BRDA:734,79,1,6
BRDA:734,80,0,7
BRDA:734,80,1,5
BRDA:738,81,0,0
BRDA:738,81,1,6
BRDA:738,82,0,6
BRDA:738,82,1,0
BRDA:742,83,0,0
BRDA:742,83,1,6
BRDA:742,84,0,6
BRDA:742,84,1,0
BRDA:746,85,0,1
BRDA:746,85,1,5
BRDA:746,86,0,6
BRDA:746,86,1,4
BRDA:750,87,0,0
BRDA:750,87,1,5
BRDA:750,88,0,5
BRDA:750,88,1,0
BRDA:760,89,0,0
BRDA:760,89,1,1
BRF:180
BRH:108
end_of_record
TN:
SF:modules/storage/utils/compression.js
FN:3,(anonymous_0)
FN:37,(anonymous_1)
FN:103,(anonymous_2)
FN:140,(anonymous_3)
FN:152,(anonymous_4)
FN:156,(anonymous_5)
FN:163,(anonymous_6)
FN:188,(anonymous_7)
FNF:8
FNH:7
FNDA:5,(anonymous_0)
FNDA:5,(anonymous_1)
FNDA:49,(anonymous_2)
FNDA:0,(anonymous_3)
FNDA:5,(anonymous_4)
FNDA:49,(anonymous_5)
FNDA:49,(anonymous_6)
FNDA:5,(anonymous_7)
DA:4,5
DA:6,5
DA:9,5
DA:10,5
DA:12,5
DA:13,5
DA:15,5
DA:16,49
DA:18,49
DA:20,7
DA:21,7
DA:24,42
DA:25,42
DA:30,5
DA:33,0
DA:38,5
DA:40,5
DA:41,0
DA:44,5
DA:45,5
DA:46,5
DA:48,5
DA:49,49
DA:50,0
DA:53,49
DA:54,7
DA:57,7
DA:58,0
DA:60,7
DA:61,0
DA:64,7
DA:66,7
DA:67,396
DA:68,0
DA:70,396
DA:74,42
DA:75,0
DA:77,42
DA:81,5
DA:82,5
DA:85,5
DA:86,3
DA:87,3
DA:90,0
DA:93,2
DA:95,0
DA:98,0
DA:105,49
DA:106,0
DA:109,49
DA:110,49
DA:111,49
DA:112,49
DA:114,49
DA:115,49
DA:118,49
DA:119,1628
DA:122,1628
DA:128,9574
DA:131,1628
DA:132,20
DA:133,20
DA:137,49
DA:141,0
DA:144,0
DA:146,0
DA:147,0
DA:153,5
DA:155,5
DA:156,5
DA:157,49
DA:160,5
DA:161,5
DA:163,5
DA:164,49
DA:166,7
DA:168,7
DA:169,7
DA:171,7
DA:172,7
DA:175,42
DA:177,42
DA:181,5
DA:183,0
DA:189,5
DA:190,5
DA:191,5
DA:193,5
DA:194,49
DA:195,0
DA:198,49
DA:200,7
DA:201,0
DA:203,7
DA:204,7
DA:205,7
DA:206,7
DA:207,7
DA:208,42
DA:210,42
DA:211,42
DA:212,0
DA:214,42
DA:215,42
DA:217,0
DA:221,5
DA:223,0
LF:107
LH:86
BRDA:6,0,0,1
BRDA:6,0,1,4
BRDA:18,1,0,7
BRDA:18,1,1,42
BRDA:40,2,0,0
BRDA:40,2,1,5
BRDA:49,3,0,0
BRDA:49,3,1,49
BRDA:53,4,0,7
BRDA:53,4,1,42
BRDA:57,5,0,0
BRDA:57,5,1,7
BRDA:57,6,0,7
BRDA:57,6,1,7
BRDA:60,7,0,0
BRDA:60,7,1,7
BRDA:60,8,0,7
BRDA:60,8,1,7
BRDA:67,9,0,0
BRDA:67,9,1,396
BRDA:74,10,0,0
BRDA:74,10,1,42
BRDA:74,11,0,42
BRDA:74,11,1,42
BRDA:74,11,2,42
BRDA:85,12,0,3
BRDA:85,12,1,2
BRDA:85,13,0,5
BRDA:85,13,1,3
BRDA:105,14,0,0
BRDA:105,14,1,49
BRDA:105,15,0,49
BRDA:105,15,1,49
BRDA:105,15,2,49
BRDA:105,15,3,49
BRDA:123,16,0,11202
BRDA:123,16,1,11202
BRDA:123,16,2,11202
BRDA:123,16,3,11103
BRDA:131,17,0,20
BRDA:131,17,1,1608
BRDA:157,18,0,7
BRDA:157,18,1,42
BRDA:164,19,0,7
BRDA:164,19,1,42
BRDA:194,20,0,0
BRDA:194,20,1,49
BRDA:198,21,0,7
BRDA:198,21,1,42
BRDA:200,22,0,0
BRDA:200,22,1,7
BRDA:208,23,0,42
BRDA:208,23,1,0
BRDA:211,24,0,0
BRDA:211,24,1,42
BRF:55
BRH:44
end_of_record
TN:
SF:modules/storage/utils/metrics.js
FN:2,(anonymous_0)
FN:27,(anonymous_1)
FN:31,(anonymous_2)
FN:35,(anonymous_3)
FN:39,(anonymous_4)
FN:43,(anonymous_5)
FN:47,(anonymous_6)
FN:65,(anonymous_7)
FN:69,(anonymous_8)
FN:79,(anonymous_9)
FN:86,(anonymous_10)
FN:91,(anonymous_11)
FN:96,(anonymous_12)
FN:101,(anonymous_13)
FN:108,(anonymous_14)
FN:119,(anonymous_15)
FN:125,(anonymous_16)
FN:130,(anonymous_17)
FN:133,(anonymous_18)
FN:146,(anonymous_19)
FN:157,(anonymous_20)
FN:167,(anonymous_21)
FN:187,(anonymous_22)
FNF:23
FNH:14
FNDA:4,(anonymous_0)
FNDA:5,(anonymous_1)
FNDA:2,(anonymous_2)
FNDA:3,(anonymous_3)
FNDA:0,(anonymous_4)
FNDA:0,(anonymous_5)
FNDA:2,(anonymous_6)
FNDA:3,(anonymous_7)
FNDA:0,(anonymous_8)
FNDA:0,(anonymous_9)
FNDA:2,(anonymous_10)
FNDA:1,(anonymous_11)
FNDA:1,(anonymous_12)
FNDA:1,(anonymous_13)
FNDA:0,(anonymous_14)
FNDA:0,(anonymous_15)
FNDA:0,(anonymous_16)
FNDA:1,(anonymous_17)
FNDA:2,(anonymous_18)
FNDA:0,(anonymous_19)
FNDA:1,(anonymous_20)
FNDA:1,(anonymous_21)
FNDA:0,(anonymous_22)
DA:3,4
DA:13,4
DA:14,4
DA:15,4
DA:16,4
DA:19,4
DA:28,5
DA:32,2
DA:36,3
DA:40,0
DA:44,0
DA:48,2
DA:54,2
DA:60,2
DA:61,0
DA:65,3
DA:66,2
DA:70,0
DA:71,0
DA:72,0
DA:74,0
DA:75,0
DA:80,0
DA:81,0
DA:83,0
DA:87,2
DA:88,2
DA:92,1
DA:93,1
DA:97,1
DA:98,1
DA:102,1
DA:109,0
DA:120,0
DA:127,0
DA:131,1
DA:132,1
DA:133,2
DA:136,1
DA:147,0
DA:149,0
DA:158,1
DA:161,0
DA:164,0
DA:168,1
DA:178,1
DA:179,1
DA:188,0
LF:48
LH:29
BRDA:2,0,0,4
BRDA:14,1,0,4
BRDA:14,1,1,4
BRDA:15,2,0,4
BRDA:15,2,1,4
BRDA:16,3,0,4
BRDA:16,3,1,4
BRDA:69,4,0,0
BRDA:70,5,0,0
BRDA:70,5,1,0
BRDA:80,6,0,0
BRDA:80,6,1,0
BRDA:88,7,0,0
BRDA:88,7,1,2
BRDA:93,8,0,0
BRDA:93,8,1,1
BRDA:98,9,0,0
BRDA:98,9,1,1
BRDA:120,10,0,0
BRDA:120,10,1,0
BRDA:150,11,0,0
BRDA:150,11,1,0
BRDA:150,11,2,0
BRDA:150,11,3,0
BRDA:158,12,0,1
BRDA:158,12,1,0
BRF:26
BRH:11
end_of_record
TN:
SF:tests/MockIndexedDB.js
FN:3,(anonymous_0)
FN:4,(anonymous_1)
FN:5,(anonymous_2)
FN:6,(anonymous_3)
FN:10,(anonymous_4)
FN:22,(anonymous_5)
FN:30,(anonymous_6)
FN:36,(anonymous_7)
FN:41,(anonymous_8)
FN:47,(anonymous_9)
FN:69,(anonymous_10)
FN:74,(anonymous_11)
FN:78,(anonymous_12)
FN:80,(anonymous_13)
FN:96,(anonymous_14)
FN:98,(anonymous_15)
FN:123,(anonymous_16)
FN:131,(anonymous_17)
FN:133,(anonymous_18)
FN:150,(anonymous_19)
FN:152,(anonymous_20)
FN:164,(anonymous_21)
FN:166,(anonymous_22)
FN:178,(anonymous_23)
FN:180,(anonymous_24)
FN:192,(anonymous_25)
FN:198,(anonymous_26)
FN:202,(anonymous_27)
FN:204,(anonymous_28)
FN:222,(anonymous_29)
FN:231,(anonymous_30)
FN:238,(anonymous_31)
FN:249,(anonymous_32)
FN:253,(anonymous_33)
FN:264,(anonymous_34)
FN:271,(anonymous_35)
FN:275,(anonymous_36)
FN:286,(anonymous_37)
FN:289,(anonymous_38)
FN:326,(anonymous_39)
FN:328,(anonymous_40)
FNF:41
FNH:34
FNDA:1,(anonymous_0)
FNDA:0,(anonymous_1)
FNDA:0,(anonymous_2)
FNDA:0,(anonymous_3)
FNDA:594,(anonymous_4)
FNDA:88,(anonymous_5)
FNDA:3,(anonymous_6)
FNDA:0,(anonymous_7)
FNDA:5,(anonymous_8)
FNDA:3,(anonymous_9)
FNDA:64,(anonymous_10)
FNDA:59,(anonymous_11)
FNDA:1,(anonymous_12)
FNDA:1,(anonymous_13)
FNDA:0,(anonymous_14)
FNDA:0,(anonymous_15)
FNDA:22,(anonymous_16)
FNDA:482,(anonymous_17)
FNDA:482,(anonymous_18)
FNDA:6,(anonymous_19)
FNDA:6,(anonymous_20)
FNDA:52,(anonymous_21)
FNDA:52,(anonymous_22)
FNDA:1,(anonymous_23)
FNDA:1,(anonymous_24)
FNDA:88,(anonymous_25)
FNDA:5,(anonymous_26)
FNDA:4,(anonymous_27)
FNDA:4,(anonymous_28)
FNDA:549,(anonymous_29)
FNDA:549,(anonymous_30)
FNDA:0,(anonymous_31)
FNDA:22,(anonymous_32)
FNDA:22,(anonymous_33)
FNDA:22,(anonymous_34)
FNDA:549,(anonymous_35)
FNDA:22,(anonymous_36)
FNDA:22,(anonymous_37)
FNDA:22,(anonymous_38)
FNDA:22,(anonymous_39)
FNDA:22,(anonymous_40)
DA:2,1
DA:3,1
DA:4,0
DA:5,0
DA:6,0
DA:11,594
DA:12,594
DA:13,594
DA:14,594
DA:15,594
DA:16,594
DA:17,594
DA:23,88
DA:24,88
DA:25,88
DA:26,88
DA:27,88
DA:31,3
DA:32,3
DA:35,0
DA:36,0
DA:38,0
DA:42,5
DA:43,5
DA:46,5
DA:47,1
DA:48,3
DA:49,3
DA:50,0
DA:52,3
DA:53,0
DA:54,0
DA:55,0
DA:57,3
DA:58,3
DA:60,0
DA:61,0
DA:63,0
DA:67,5
DA:69,5
DA:70,64
DA:71,58
DA:72,58
DA:75,59
DA:76,59
DA:79,1
DA:80,1
DA:81,1
DA:84,58
DA:85,58
DA:87,6
DA:88,6
DA:92,5
DA:93,5
DA:97,0
DA:98,0
DA:99,0
DA:100,0
DA:101,0
DA:102,0
DA:103,0
DA:104,0
DA:105,0
DA:108,0
DA:111,0
DA:112,0
DA:114,0
DA:115,0
DA:118,0
DA:124,22
DA:125,22
DA:126,22
DA:127,22
DA:128,22
DA:132,482
DA:133,482
DA:134,482
DA:135,482
DA:136,482
DA:137,0
DA:139,482
DA:140,482
DA:141,482
DA:143,0
DA:144,0
DA:147,482
DA:151,6
DA:152,6
DA:153,6
DA:154,6
DA:155,6
DA:157,0
DA:158,0
DA:161,6
DA:165,52
DA:166,52
DA:167,52
DA:168,52
DA:169,52
DA:171,0
DA:172,0
DA:175,52
DA:179,1
DA:180,1
DA:181,1
DA:182,1
DA:183,1
DA:185,0
DA:186,0
DA:189,1
DA:193,88
DA:194,88
DA:195,88
DA:199,5
DA:203,4
DA:204,4
DA:205,4
DA:206,4
DA:207,3
DA:209,1
DA:211,4
DA:213,3
DA:214,3
DA:217,4
DA:223,549
DA:224,549
DA:225,549
DA:226,549
DA:227,549
DA:228,549
DA:232,549
DA:233,0
DA:235,549
DA:239,0
DA:240,0
DA:241,0
DA:242,0
DA:243,0
DA:250,22
DA:251,22
DA:252,22
DA:254,22
DA:258,22
DA:259,22
DA:260,22
DA:261,22
DA:265,22
DA:266,22
DA:267,22
DA:268,22
DA:272,549
DA:276,22
DA:277,22
DA:278,22
DA:283,1
DA:287,22
DA:289,22
DA:290,22
DA:292,22
DA:294,22
DA:295,22
DA:296,22
DA:297,22
DA:299,22
DA:300,22
DA:305,22
DA:308,0
DA:311,22
DA:312,22
DA:313,22
DA:316,0
DA:317,0
DA:318,0
DA:323,22
DA:327,22
DA:328,22
DA:329,22
DA:330,22
DA:331,22
DA:333,0
DA:334,0
DA:337,22
LF:182
LH:133
BRDA:22,0,0,0
BRDA:26,1,0,88
BRDA:26,1,1,88
BRDA:27,2,0,88
BRDA:27,2,1,66
BRDA:31,3,0,3
BRDA:31,3,1,0
BRDA:35,4,0,0
BRDA:35,4,1,0
BRDA:46,5,0,1
BRDA:46,5,1,4
BRDA:49,6,0,0
BRDA:49,6,1,3
BRDA:52,7,0,0
BRDA:52,7,1,3
BRDA:52,8,0,3
BRDA:52,8,1,3
BRDA:53,9,0,0
BRDA:53,9,1,0
BRDA:54,10,0,0
BRDA:54,10,1,0
BRDA:55,11,0,0
BRDA:55,11,1,0
BRDA:57,12,0,3
BRDA:57,12,1,0
BRDA:58,13,0,0
BRDA:58,13,1,3
BRDA:60,14,0,0
BRDA:60,14,1,0
BRDA:61,15,0,0
BRDA:61,15,1,0
BRDA:70,16,0,58
BRDA:70,16,1,6
BRDA:85,17,0,58
BRDA:85,17,1,58
BRDA:88,18,0,6
BRDA:88,18,1,6
BRDA:104,19,0,0
BRDA:104,19,1,0
BRDA:108,20,0,0
BRDA:108,20,1,0
BRDA:112,21,0,0
BRDA:112,21,1,0
BRDA:115,22,0,0
BRDA:115,22,1,0
BRDA:123,23,0,0
BRDA:125,24,0,22
BRDA:125,24,1,0
BRDA:126,25,0,22
BRDA:126,25,1,22
BRDA:136,26,0,0
BRDA:136,26,1,482
BRDA:141,27,0,482
BRDA:141,27,1,482
BRDA:144,28,0,0
BRDA:144,28,1,0
BRDA:155,29,0,6
BRDA:155,29,1,6
BRDA:158,30,0,0
BRDA:158,30,1,0
BRDA:169,31,0,52
BRDA:169,31,1,52
BRDA:172,32,0,0
BRDA:172,32,1,0
BRDA:183,33,0,1
BRDA:183,33,1,1
BRDA:186,34,0,0
BRDA:186,34,1,0
BRDA:192,35,0,0
BRDA:206,36,0,3
BRDA:206,36,1,1
BRDA:209,37,0,0
BRDA:209,37,1,1
BRDA:211,38,0,4
BRDA:211,38,1,4
BRDA:214,39,0,3
BRDA:214,39,1,3
BRDA:222,40,0,0
BRDA:224,41,0,549
BRDA:224,41,1,0
BRDA:232,42,0,0
BRDA:232,42,1,549
BRDA:240,43,0,0
BRDA:240,43,1,0
BRDA:264,44,0,0
BRDA:271,45,0,0
BRDA:277,46,0,22
BRDA:277,46,1,0
BRDA:286,47,0,0
BRDA:294,48,0,22
BRDA:294,48,1,0
BRDA:299,49,0,22
BRDA:299,49,1,0
BRDA:312,50,0,22
BRDA:312,50,1,0
BRDA:317,51,0,0
BRDA:317,51,1,0
BRDA:331,52,0,22
BRDA:331,52,1,22
BRDA:334,53,0,0
BRDA:334,53,1,0
BRF:101
BRH:46
end_of_record
TN:
SF:tests/test-setup.js
FN:12,(anonymous_0)
FN:24,(anonymous_1)
FN:32,sha256
FN:130,rightRotate
FN:136,(anonymous_4)
FN:140,(anonymous_5)
FN:144,(anonymous_6)
FN:145,(anonymous_7)
FN:148,(anonymous_8)
FN:150,(anonymous_9)
FN:155,(anonymous_10)
FN:163,(anonymous_11)
FN:163,(anonymous_12)
FN:166,(anonymous_13)
FN:166,(anonymous_14)
FN:170,(anonymous_15)
FN:178,(anonymous_16)
FN:187,(anonymous_17)
FN:211,(anonymous_18)
FN:219,(anonymous_19)
FN:224,(anonymous_20)
FN:234,(anonymous_21)
FN:240,(anonymous_22)
FN:247,(anonymous_23)
FN:252,(anonymous_24)
FN:255,(anonymous_25)
FN:262,(anonymous_26)
FN:263,(anonymous_27)
FN:263,(anonymous_28)
FN:266,(anonymous_29)
FN:267,(anonymous_30)
FN:272,(anonymous_31)
FN:277,(anonymous_32)
FN:282,(anonymous_33)
FNF:34
FNH:10
FNDA:0,(anonymous_0)
FNDA:0,(anonymous_1)
FNDA:0,sha256
FNDA:0,rightRotate
FNDA:0,(anonymous_4)
FNDA:0,(anonymous_5)
FNDA:0,(anonymous_6)
FNDA:0,(anonymous_7)
FNDA:0,(anonymous_8)
FNDA:0,(anonymous_9)
FNDA:0,(anonymous_10)
FNDA:0,(anonymous_11)
FNDA:0,(anonymous_12)
FNDA:1,(anonymous_13)
FNDA:1,(anonymous_14)
FNDA:0,(anonymous_15)
FNDA:0,(anonymous_16)
FNDA:0,(anonymous_17)
FNDA:0,(anonymous_18)
FNDA:0,(anonymous_19)
FNDA:0,(anonymous_20)
FNDA:0,(anonymous_21)
FNDA:0,(anonymous_22)
FNDA:29,(anonymous_23)
FNDA:0,(anonymous_24)
FNDA:0,(anonymous_25)
FNDA:5,(anonymous_26)
FNDA:5,(anonymous_27)
FNDA:438,(anonymous_28)
FNDA:5,(anonymous_29)
FNDA:5,(anonymous_30)
FNDA:1215,(anonymous_31)
FNDA:0,(anonymous_32)
FNDA:29,(anonymous_33)
DA:7,1
DA:10,1
DA:15,0
DA:18,0
DA:25,0
DA:26,0
DA:28,0
DA:34,0
DA:37,0
DA:56,0
DA:64,0
DA:65,0
DA:68,0
DA:69,0
DA:70,0
DA:73,0
DA:74,0
DA:75,0
DA:78,0
DA:79,0
DA:82,0
DA:83,0
DA:85,0
DA:86,0
DA:89,0
DA:90,0
DA:91,0
DA:92,0
DA:95,0
DA:96,0
DA:98,0
DA:99,0
DA:100,0
DA:101,0
DA:102,0
DA:103,0
DA:104,0
DA:106,0
DA:107,0
DA:110,0
DA:111,0
DA:112,0
DA:113,0
DA:114,0
DA:115,0
DA:116,0
DA:117,0
DA:121,0
DA:122,0
DA:123,0
DA:124,0
DA:127,0
DA:131,0
DA:136,1
DA:140,0
DA:144,1
DA:145,0
DA:148,0
DA:150,0
DA:155,0
DA:163,1
DA:166,1
DA:171,0
DA:172,0
DA:173,0
DA:174,0
DA:175,0
DA:179,0
DA:180,0
DA:181,0
DA:182,0
DA:184,0
DA:188,0
DA:189,0
DA:190,0
DA:191,0
DA:193,0
DA:199,0
DA:200,0
DA:201,0
DA:203,0
DA:204,0
DA:205,0
DA:206,0
DA:212,0
DA:213,0
DA:214,0
DA:215,0
DA:216,0
DA:220,0
DA:221,0
DA:225,0
DA:226,0
DA:227,0
DA:228,0
DA:229,0
DA:231,0
DA:235,0
DA:236,0
DA:237,0
DA:241,0
DA:247,1
DA:249,29
DA:252,29
DA:253,0
DA:255,0
DA:259,29
DA:262,29
DA:263,438
DA:266,29
DA:267,5
DA:271,29
DA:272,1215
DA:276,29
DA:277,0
DA:282,1
DA:283,29
DA:284,29
DA:285,29
DA:286,29
DA:287,29
LF:121
LH:23
BRDA:136,0,0,0
BRDA:180,1,0,0
BRDA:180,1,1,0
BRDA:188,2,0,0
BRDA:188,2,1,0
BRDA:203,3,0,0
BRDA:203,3,1,0
BRDA:226,4,0,0
BRDA:226,4,1,0
BRDA:276,5,0,0
BRDA:276,5,1,29
BRDA:284,6,0,29
BRDA:284,6,1,0
BRDA:285,7,0,29
BRDA:285,7,1,0
BRDA:286,8,0,29
BRDA:286,8,1,0
BRDA:287,9,0,29
BRDA:287,9,1,0
BRF:19
BRH:5
end_of_record
